Using pre-set license
Built from '2023.2/staging' branch; Version is '2023.2.1f1 (a6dd9a634651) revision 10935706'; Using compiler version '193431935'; Build Type 'Release'
OS: 'Windows 10  (10.0.19045) 64bit Core' Language: 'en' Physical Memory: 65475 MB
BatchMode: 1, IsHumanControllingUs: 0, StartBugReporterOnCrash: 0, Is64bit: 1, IsPro: 1

COMMAND LINE ARGUMENTS:
C:\Program Files\Unity\Hub\Editor\2023.2.1f1\Editor\Unity.exe
-adb2
-batchMode
-noUpm
-name
AssetImportWorker4
-projectPath
C:/Users/corya/Documents/GitHub/TeamGiantHamster_MageGame/TGH_MageGame
-logFile
Logs/AssetImportWorker4.log
-srvPort
50785
-job-worker-count
5
-background-job-worker-count
8
-asset-garbage-collectors
1
Successfully changed project path to: C:/Users/corya/Documents/GitHub/TeamGiantHamster_MageGame/TGH_MageGame
C:/Users/corya/Documents/GitHub/TeamGiantHamster_MageGame/TGH_MageGame
[UnityMemory] Configuration Parameters - Can be set up in boot.config
    "memorysetup-bucket-allocator-granularity=16"
    "memorysetup-bucket-allocator-bucket-count=8"
    "memorysetup-bucket-allocator-block-size=33554432"
    "memorysetup-bucket-allocator-block-count=8"
    "memorysetup-main-allocator-block-size=16777216"
    "memorysetup-thread-allocator-block-size=16777216"
    "memorysetup-gfx-main-allocator-block-size=16777216"
    "memorysetup-gfx-thread-allocator-block-size=16777216"
    "memorysetup-cache-allocator-block-size=4194304"
    "memorysetup-typetree-allocator-block-size=2097152"
    "memorysetup-profiler-bucket-allocator-granularity=16"
    "memorysetup-profiler-bucket-allocator-bucket-count=8"
    "memorysetup-profiler-bucket-allocator-block-size=33554432"
    "memorysetup-profiler-bucket-allocator-block-count=8"
    "memorysetup-profiler-allocator-block-size=16777216"
    "memorysetup-profiler-editor-allocator-block-size=1048576"
    "memorysetup-temp-allocator-size-main=16777216"
    "memorysetup-job-temp-allocator-block-size=2097152"
    "memorysetup-job-temp-allocator-block-size-background=1048576"
    "memorysetup-job-temp-allocator-reduction-small-platforms=262144"
    "memorysetup-allocator-temp-initial-block-size-main=262144"
    "memorysetup-allocator-temp-initial-block-size-worker=262144"
    "memorysetup-temp-allocator-size-background-worker=32768"
    "memorysetup-temp-allocator-size-job-worker=262144"
    "memorysetup-temp-allocator-size-preload-manager=33554432"
    "memorysetup-temp-allocator-size-nav-mesh-worker=65536"
    "memorysetup-temp-allocator-size-audio-worker=65536"
    "memorysetup-temp-allocator-size-cloud-worker=32768"
    "memorysetup-temp-allocator-size-gi-baking-worker=262144"
    "memorysetup-temp-allocator-size-gi-baking-worker=262144"
    "memorysetup-temp-allocator-size-gi-baking-worker=262144"
    "memorysetup-temp-allocator-size-gi-baking-worker=262144"
    "memorysetup-temp-allocator-size-gfx=262144"
Player connection [7956] Host "[IP] 10.0.0.40 [Port] 0 [Flags] 2 [Guid] 4027850086 [EditorId] 4027850086 [Version] 1048832 [Id] WindowsEditor(7,Corys-Workstation) [Debug] 1 [PackageName] WindowsEditor [ProjectName] Editor" joined multi-casting on [225.0.0.222:54997]...
Player connection [7956] Host "[IP] 10.0.0.40 [Port] 0 [Flags] 2 [Guid] 4027850086 [EditorId] 4027850086 [Version] 1048832 [Id] WindowsEditor(7,Corys-Workstation) [Debug] 1 [PackageName] WindowsEditor [ProjectName] Editor" joined alternative multi-casting on [225.0.0.222:34997]...
JobSystem: Creating JobQueue using job-worker-count value 5
[Physics::Module] Initialized MultithreadedJobDispatcher with 5 workers.
Library Redirect Path: Library/
Refreshing native plugins compatible for Editor in 2.77 ms, found 3 plugins.
Preloading 0 native plugins for Editor in 0.00 ms.
Initialize engine version: 2023.2.1f1 (a6dd9a634651)
[Subsystems] Discovering subsystems at path C:/Program Files/Unity/Hub/Editor/2023.2.1f1/Editor/Data/Resources/UnitySubsystems
[Subsystems] Discovering subsystems at path C:/Users/corya/Documents/GitHub/TeamGiantHamster_MageGame/TGH_MageGame/Assets
GfxDevice: creating device client; kGfxThreadingModeNonThreaded
Direct3D:
    Version:  Direct3D 11.0 [level 11.1]
    Renderer: NVIDIA GeForce RTX 3080 Ti (ID=0x2208)
    Vendor:   NVIDIA
    VRAM:     12100 MB
    Driver:   31.0.15.3623
Initialize mono
Mono path[0] = 'C:/Program Files/Unity/Hub/Editor/2023.2.1f1/Editor/Data/Managed'
Mono path[1] = 'C:/Program Files/Unity/Hub/Editor/2023.2.1f1/Editor/Data/MonoBleedingEdge/lib/mono/unityjit-win32'
Mono config path = 'C:/Program Files/Unity/Hub/Editor/2023.2.1f1/Editor/Data/MonoBleedingEdge/etc'
Using monoOptions --debugger-agent=transport=dt_socket,embedding=1,server=y,suspend=n,address=127.0.0.1:56112
Begin MonoManager ReloadAssembly
C:\build\output\Unity-Technologies\mono\mono\metadata\icall.c:1842:
C:\build\output\Unity-Technologies\mono\mono\metadata\icall.c:1842:
C:\build\output\Unity-Technologies\mono\mono\metadata\icall.c:1842:
C:\build\output\Unity-Technologies\mono\mono\metadata\icall.c:1842:
C:\build\output\Unity-Technologies\mono\mono\metadata\icall.c:1842:
C:\build\output\Unity-Technologies\mono\mono\metadata\icall.c:1842:
C:\build\output\Unity-Technologies\mono\mono\metadata\icall.c:1842:
C:\build\output\Unity-Technologies\mono\mono\metadata\icall.c:1842:
C:\build\output\Unity-Technologies\mono\mono\metadata\icall.c:1842:
C:\build\output\Unity-Technologies\mono\mono\metadata\icall.c:1842:
Registering precompiled unity dll's ...
Register platform support module: C:/Program Files/Unity/Hub/Editor/2023.2.1f1/Editor/Data/PlaybackEngines/WebGLSupport/UnityEditor.WebGL.Extensions.dll
Register platform support module: C:/Program Files/Unity/Hub/Editor/2023.2.1f1/Editor/Data/PlaybackEngines/WindowsStandaloneSupport/UnityEditor.WindowsStandalone.Extensions.dll
Register platform support module: C:/Program Files/Unity/Hub/Editor/2023.2.1f1/Editor/Data/PlaybackEngines/MetroSupport/UnityEditor.UWP.Extensions.dll
Register platform support module: C:/Program Files/Unity/Hub/Editor/2023.2.1f1/Editor/Data/PlaybackEngines/AndroidPlayer/UnityEditor.Android.Extensions.dll
Registered in 0.013478 seconds.
- Loaded All Assemblies, in  0.490 seconds
Native extension for Android target not found
Android Extension - Scanning For ADB Devices 394 ms
Native extension for UWP target not found
Native extension for WindowsStandalone target not found
Native extension for WebGL target not found
Mono: successfully reloaded assembly
C:\build\output\Unity-Technologies\mono\mono\metadata\icall.c:1842:
C:\build\output\Unity-Technologies\mono\mono\metadata\icall.c:1842:
- Finished resetting the current domain, in  0.801 seconds
Domain Reload Profiling: 1285ms
	BeginReloadAssembly (161ms)
		ExecutionOrderSort (0ms)
		DisableScriptedObjects (0ms)
		BackupInstance (0ms)
		ReleaseScriptingObjects (0ms)
		CreateAndSetChildDomain (1ms)
	RebuildCommonClasses (46ms)
	RebuildNativeTypeToScriptingClass (14ms)
	initialDomainReloadingComplete (71ms)
	LoadAllAssembliesAndSetupDomain (192ms)
		LoadAssemblies (157ms)
		RebuildTransferFunctionScriptingTraits (0ms)
		AnalyzeDomain (188ms)
			TypeCache.Refresh (186ms)
				TypeCache.ScanAssembly (171ms)
			BuildScriptInfoCaches (0ms)
			ResolveRequiredComponents (0ms)
	FinalizeReload (801ms)
		ReleaseScriptCaches (0ms)
		RebuildScriptCaches (0ms)
		SetupLoadedEditorAssemblies (745ms)
			LogAssemblyErrors (0ms)
			InitializePlatformSupportModulesInManaged (518ms)
			SetLoadedEditorAssemblies (4ms)
			BeforeProcessingInitializeOnLoad (7ms)
			ProcessInitializeOnLoadAttributes (157ms)
			ProcessInitializeOnLoadMethodAttributes (59ms)
			AfterProcessingInitializeOnLoad (0ms)
			EditorAssembliesLoaded (0ms)
		ExecutionOrderSort2 (0ms)
		AwakeInstancesAfterBackupRestoration (0ms)
========================================================================
Worker process is ready to serve import requests
Import Worker Mode flag is 0x00
Begin MonoManager ReloadAssembly
C:\build\output\Unity-Technologies\mono\mono\metadata\icall.c:1842:
C:\build\output\Unity-Technologies\mono\mono\metadata\icall.c:1842:
C:\build\output\Unity-Technologies\mono\mono\metadata\icall.c:1842:
C:\build\output\Unity-Technologies\mono\mono\metadata\icall.c:1842:
C:\build\output\Unity-Technologies\mono\mono\metadata\icall.c:1842:
C:\build\output\Unity-Technologies\mono\mono\metadata\icall.c:1842:
C:\build\output\Unity-Technologies\mono\mono\metadata\icall.c:1842:
C:\build\output\Unity-Technologies\mono\mono\metadata\icall.c:1842:
C:\build\output\Unity-Technologies\mono\mono\metadata\icall.c:1842:
C:\build\output\Unity-Technologies\mono\mono\metadata\icall.c:1842:
C:\build\output\Unity-Technologies\mono\mono\metadata\icall.c:1842:
C:\build\output\Unity-Technologies\mono\mono\metadata\icall.c:1842:
Symbol file LoadedFromMemory doesn't match image C:\Users\corya\Documents\GitHub\TeamGiantHamster_MageGame\TGH_MageGame\Library\PackageCache\com.unity.visualscripting@1.8.0\Editor\VisualScripting.Core\Dependencies\YamlDotNet\Unity.VisualScripting.YamlDotNet.dll
Symbol file LoadedFromMemory doesn't match image C:\Users\corya\Documents\GitHub\TeamGiantHamster_MageGame\TGH_MageGame\Library\PackageCache\com.unity.visualscripting@1.8.0\Editor\VisualScripting.Core\Dependencies\DotNetZip\Unity.VisualScripting.IonicZip.dll
- Loaded All Assemblies, in  1.075 seconds
Refreshing native plugins compatible for Editor in 1.78 ms, found 3 plugins.
Native extension for Android target not found
Native extension for UWP target not found
Native extension for WindowsStandalone target not found
Native extension for WebGL target not found
Mono: successfully reloaded assembly
- Finished resetting the current domain, in  0.821 seconds
Domain Reload Profiling: 1887ms
	BeginReloadAssembly (407ms)
		ExecutionOrderSort (0ms)
		DisableScriptedObjects (7ms)
		BackupInstance (0ms)
		ReleaseScriptingObjects (0ms)
		CreateAndSetChildDomain (55ms)
	RebuildCommonClasses (40ms)
	RebuildNativeTypeToScriptingClass (14ms)
	initialDomainReloadingComplete (49ms)
	LoadAllAssembliesAndSetupDomain (557ms)
		LoadAssemblies (453ms)
		RebuildTransferFunctionScriptingTraits (0ms)
		AnalyzeDomain (244ms)
			TypeCache.Refresh (214ms)
				TypeCache.ScanAssembly (192ms)
			BuildScriptInfoCaches (22ms)
			ResolveRequiredComponents (4ms)
	FinalizeReload (821ms)
		ReleaseScriptCaches (0ms)
		RebuildScriptCaches (0ms)
		SetupLoadedEditorAssemblies (576ms)
			LogAssemblyErrors (0ms)
			InitializePlatformSupportModulesInManaged (27ms)
			SetLoadedEditorAssemblies (7ms)
			BeforeProcessingInitializeOnLoad (92ms)
			ProcessInitializeOnLoadAttributes (417ms)
			ProcessInitializeOnLoadMethodAttributes (21ms)
			AfterProcessingInitializeOnLoad (12ms)
			EditorAssembliesLoaded (0ms)
		ExecutionOrderSort2 (0ms)
		AwakeInstancesAfterBackupRestoration (8ms)
Launched and connected shader compiler UnityShaderCompiler.exe after 0.01 seconds
Refreshing native plugins compatible for Editor in 1.56 ms, found 3 plugins.
Preloading 0 native plugins for Editor in 0.00 ms.
Unloading 9 Unused Serialized files (Serialized files now loaded: 0)
Unloading 3521 unused Assets / (1.0 MB). Loaded Objects now: 4084.
Memory consumption went from 118.2 MB to 117.2 MB.
Total: 5.729500 ms (FindLiveObjects: 0.397300 ms CreateObjectMapping: 0.385600 ms MarkObjects: 3.726100 ms  DeleteObjects: 1.219500 ms)

========================================================================
Received Import Request.
  Time since last request: 208707.630472 seconds.
  path: Assets/Male Mage Pack 01 Cute Series/FBX/Wand Ordinary.FBX
  artifactKey: Guid(78e95bd91faf35043b7d88b7c524489d) Importer(815301076,1909f56bfc062723c751e8b465ee728b)
Start importing Assets/Male Mage Pack 01 Cute Series/FBX/Wand Ordinary.FBX using Guid(78e95bd91faf35043b7d88b7c524489d) Importer(815301076,1909f56bfc062723c751e8b465ee728b) (PreviewImporter) -> (artifact id: 'da06f237734f2d7e954217ad464a3221') in 0.125825 seconds
Number of updated asset objects reloaded before import = 0Number of asset objects unloaded after import = 7

========================================================================
Received Import Request.
  Time since last request: 320.726420 seconds.
  path: Assets/Scenes
  artifactKey: Guid(742512896c6520046af942fb3baf6833) Importer(815301076,1909f56bfc062723c751e8b465ee728b)
Start importing Assets/Scenes using Guid(742512896c6520046af942fb3baf6833) Importer(815301076,1909f56bfc062723c751e8b465ee728b) (PreviewImporter) -> (artifact id: '9124f1e43cd164dedf2bbd58f355d595') in 0.0011305 seconds
Number of updated asset objects reloaded before import = 0Number of asset objects unloaded after import = 0

========================================================================
Received Import Request.
  Time since last request: 13.516821 seconds.
  path: Assets/Scenes/fghfh.unity
  artifactKey: Guid(904976fe43fd39c448c00dfa07e0e392) Importer(815301076,1909f56bfc062723c751e8b465ee728b)
Start importing Assets/Scenes/fghfh.unity using Guid(904976fe43fd39c448c00dfa07e0e392) Importer(815301076,1909f56bfc062723c751e8b465ee728b) (PreviewImporter) -> (artifact id: 'b4f49da354bcdc83d9ad433368f42a02') in 0.0005879 seconds
Number of updated asset objects reloaded before import = 0Number of asset objects unloaded after import = 0

========================================================================
Received Import Request.
  Time since last request: 0.971951 seconds.
  path: Assets/Scenes/fghfh.unity
  artifactKey: Guid(904976fe43fd39c448c00dfa07e0e392) Importer(2089858483,192608db42251d675da83286b1cce702)
Start importing Assets/Scenes/fghfh.unity using Guid(904976fe43fd39c448c00dfa07e0e392) Importer(2089858483,192608db42251d675da83286b1cce702) (ScriptedImporter)Generated GUIDs only implemented for interfaces!
 -> (artifact id: 'baeba90c50f560603367f97787679746') in 0.0482714 seconds
Number of updated asset objects reloaded before import = 0Number of asset objects unloaded after import = 1

========================================================================
Received Import Request.
  Time since last request: 24.188466 seconds.
  path: Assets/Synty Studios/PolygonFantasyKingdom_Mat_Castle_Wall_01.mat
  artifactKey: Guid(e294f0bfc204d7e48a81b61e86851a6a) Importer(2089858483,192608db42251d675da83286b1cce702)
Start importing Assets/Synty Studios/PolygonFantasyKingdom_Mat_Castle_Wall_01.mat using Guid(e294f0bfc204d7e48a81b61e86851a6a) Importer(2089858483,192608db42251d675da83286b1cce702) (ScriptedImporter)Generated GUIDs only implemented for interfaces!
 -> (artifact id: '4b4a9c3b6c9a91e56a1671926e351d30') in 0.0757976 seconds
Number of updated asset objects reloaded before import = 0Number of asset objects unloaded after import = 1

========================================================================
Received Import Request.
  Time since last request: 1287.617244 seconds.
  path: Assets/PolygonFantasyKingdom/Prefabs/Castle/SM_Bld_Castle_Floor_Wood_01.prefab
  artifactKey: Guid(6e22efa820c49ea459764a5e57edd79b) Importer(2089858483,192608db42251d675da83286b1cce702)
Start importing Assets/PolygonFantasyKingdom/Prefabs/Castle/SM_Bld_Castle_Floor_Wood_01.prefab using Guid(6e22efa820c49ea459764a5e57edd79b) Importer(2089858483,192608db42251d675da83286b1cce702) (ScriptedImporter)Generated GUIDs only implemented for interfaces!
 -> (artifact id: '26fc7b30530c4bc27338a1978e0808c1') in 0.0364115 seconds
Number of updated asset objects reloaded before import = 0Number of asset objects unloaded after import = 9

========================================================================
Received Import Request.
  Time since last request: 0.000024 seconds.
  path: Assets/PolygonFantasyKingdom/Models/SM_Bld_Castle_Floor_Wood_01.fbx
  artifactKey: Guid(305043ea959fb494c80e184aaf61884a) Importer(2089858483,192608db42251d675da83286b1cce702)
Start importing Assets/PolygonFantasyKingdom/Models/SM_Bld_Castle_Floor_Wood_01.fbx using Guid(305043ea959fb494c80e184aaf61884a) Importer(2089858483,192608db42251d675da83286b1cce702) (ScriptedImporter)Generated GUIDs only implemented for interfaces!
 -> (artifact id: '5c0301589c1ea850aba215e12774a2be') in 0.0671477 seconds
Number of updated asset objects reloaded before import = 0Number of asset objects unloaded after import = 7

========================================================================
Received Import Request.
  Time since last request: 0.000028 seconds.
  path: Assets/PolygonFantasyKingdom/Prefabs/Castle/SM_Bld_Castle_Battlements_06_Half.prefab
  artifactKey: Guid(9dc6ef560d159544a90b1b1707eade74) Importer(2089858483,192608db42251d675da83286b1cce702)
Start importing Assets/PolygonFantasyKingdom/Prefabs/Castle/SM_Bld_Castle_Battlements_06_Half.prefab using Guid(9dc6ef560d159544a90b1b1707eade74) Importer(2089858483,192608db42251d675da83286b1cce702) (ScriptedImporter)Generated GUIDs only implemented for interfaces!
 -> (artifact id: '903eeee023ee322b83e45dd70ff68b82') in 0.0149739 seconds
Number of updated asset objects reloaded before import = 0Number of asset objects unloaded after import = 9

========================================================================
Received Import Request.
  Time since last request: 0.000032 seconds.
  path: Assets/PolygonFantasyKingdom/Models/Collision/SM_Bld_Stairs_Straight_Wide_Edges_03_Collision.fbx
  artifactKey: Guid(c0a839faeb5fddc4bae5fa916dc9069b) Importer(2089858483,192608db42251d675da83286b1cce702)
Start importing Assets/PolygonFantasyKingdom/Models/Collision/SM_Bld_Stairs_Straight_Wide_Edges_03_Collision.fbx using Guid(c0a839faeb5fddc4bae5fa916dc9069b) Importer(2089858483,192608db42251d675da83286b1cce702) (ScriptedImporter)Generated GUIDs only implemented for interfaces!
 -> (artifact id: 'bde55e77211887ee1abb23e40ac24841') in 0.031694 seconds
Number of updated asset objects reloaded before import = 0Number of asset objects unloaded after import = 7

========================================================================
Received Import Request.
  Time since last request: 0.000022 seconds.
  path: Assets/PolygonFantasyKingdom/Textures/Castle
  artifactKey: Guid(38d9b4b590ac4004f80e49505b4030dc) Importer(2089858483,192608db42251d675da83286b1cce702)
Start importing Assets/PolygonFantasyKingdom/Textures/Castle using Guid(38d9b4b590ac4004f80e49505b4030dc) Importer(2089858483,192608db42251d675da83286b1cce702) (ScriptedImporter)Generated GUIDs only implemented for interfaces!
 -> (artifact id: '1732a6fd16b4170c252a5509b3766724') in 0.005559 seconds
Number of updated asset objects reloaded before import = 0Number of asset objects unloaded after import = 1

========================================================================
Received Import Request.
  Time since last request: 0.000079 seconds.
  path: Assets/PolygonFantasyKingdom/Textures/Misc
  artifactKey: Guid(1107aea0a0cff7e429622393a4ffa056) Importer(2089858483,192608db42251d675da83286b1cce702)
Start importing Assets/PolygonFantasyKingdom/Textures/Misc using Guid(1107aea0a0cff7e429622393a4ffa056) Importer(2089858483,192608db42251d675da83286b1cce702) (ScriptedImporter)Generated GUIDs only implemented for interfaces!
 -> (artifact id: '473927eaab9d959ee6b0b70ae521c5e1') in 0.0092157 seconds
Number of updated asset objects reloaded before import = 0Number of asset objects unloaded after import = 1

========================================================================
Received Import Request.
  Time since last request: 0.000028 seconds.
  path: Assets/PolygonFantasyKingdom/Textures/PolygonFantasyKingdom_Texture_01_A.png
  artifactKey: Guid(270fd5c64f7118c4495be93b7ce2530c) Importer(2089858483,192608db42251d675da83286b1cce702)
Start importing Assets/PolygonFantasyKingdom/Textures/PolygonFantasyKingdom_Texture_01_A.png using Guid(270fd5c64f7118c4495be93b7ce2530c) Importer(2089858483,192608db42251d675da83286b1cce702) (ScriptedImporter)Generated GUIDs only implemented for interfaces!
 -> (artifact id: '83e3885deee3be8ee0df8354c948deb8') in 0.1248166 seconds
Number of updated asset objects reloaded before import = 0Number of asset objects unloaded after import = 1

========================================================================
Received Import Request.
  Time since last request: 0.000089 seconds.
  path: Assets/PolygonFantasyKingdom/Materials/PolygonFantasyKingdom_Mat_Castle_Wall_01.mat
  artifactKey: Guid(f36af89dacada404ab5564fde90d6059) Importer(2089858483,192608db42251d675da83286b1cce702)
Start importing Assets/PolygonFantasyKingdom/Materials/PolygonFantasyKingdom_Mat_Castle_Wall_01.mat using Guid(f36af89dacada404ab5564fde90d6059) Importer(2089858483,192608db42251d675da83286b1cce702) (ScriptedImporter)Generated GUIDs only implemented for interfaces!
 -> (artifact id: 'd226fb3f1aebc97192f8679d4ba61a67') in 0.0158888 seconds
Number of updated asset objects reloaded before import = 0Number of asset objects unloaded after import = 3

========================================================================
Received Import Request.
  Time since last request: 0.000022 seconds.
  path: Assets/PolygonFantasyKingdom/Prefabs/Castle
  artifactKey: Guid(565279bab084c344c805a38289703303) Importer(2089858483,192608db42251d675da83286b1cce702)
Start importing Assets/PolygonFantasyKingdom/Prefabs/Castle using Guid(565279bab084c344c805a38289703303) Importer(2089858483,192608db42251d675da83286b1cce702) (ScriptedImporter)Generated GUIDs only implemented for interfaces!
 -> (artifact id: 'd4f9e92523102137d1104bdb2752a842') in 0.0041091 seconds
Number of updated asset objects reloaded before import = 0Number of asset objects unloaded after import = 1

========================================================================
Received Import Request.
  Time since last request: 0.000101 seconds.
  path: Assets/PolygonFantasyKingdom/Prefabs/Castle/SM_Bld_Castle_Wall_Door_01.prefab
  artifactKey: Guid(41ce1a831a1f83a4596a986fb3c31ea6) Importer(2089858483,192608db42251d675da83286b1cce702)
Start importing Assets/PolygonFantasyKingdom/Prefabs/Castle/SM_Bld_Castle_Wall_Door_01.prefab using Guid(41ce1a831a1f83a4596a986fb3c31ea6) Importer(2089858483,192608db42251d675da83286b1cce702) (ScriptedImporter)Generated GUIDs only implemented for interfaces!
 -> (artifact id: '1a7b8b5d56bc9bf9f9899f26ade7615e') in 0.0142568 seconds
Number of updated asset objects reloaded before import = 0Number of asset objects unloaded after import = 8

========================================================================
Received Import Request.
  Time since last request: 0.000022 seconds.
  path: Assets/PolygonFantasyKingdom/Models/Convex/SM_Bld_Castle_Floor_Stone_01_Convex.asset
  artifactKey: Guid(2a4cbf581187056428f8b082d7be07d3) Importer(2089858483,192608db42251d675da83286b1cce702)
Start importing Assets/PolygonFantasyKingdom/Models/Convex/SM_Bld_Castle_Floor_Stone_01_Convex.asset using Guid(2a4cbf581187056428f8b082d7be07d3) Importer(2089858483,192608db42251d675da83286b1cce702) (ScriptedImporter)Generated GUIDs only implemented for interfaces!
 -> (artifact id: '9c84a564db731bc2a09c861c4459dc47') in 0.0058913 seconds
Number of updated asset objects reloaded before import = 0Number of asset objects unloaded after import = 1

========================================================================
Received Import Request.
  Time since last request: 0.000082 seconds.
  path: Assets/PolygonFantasyKingdom/Models/SM_Bld_Castle_Wall_Door_Big_01.fbx
  artifactKey: Guid(f6b257ea55e59704eba5b3ea09fe1cbc) Importer(2089858483,192608db42251d675da83286b1cce702)
Start importing Assets/PolygonFantasyKingdom/Models/SM_Bld_Castle_Wall_Door_Big_01.fbx using Guid(f6b257ea55e59704eba5b3ea09fe1cbc) Importer(2089858483,192608db42251d675da83286b1cce702) (ScriptedImporter)Generated GUIDs only implemented for interfaces!
 -> (artifact id: '4a665fc8420b5fe095cac7da7b7cc86d') in 0.0297731 seconds
Number of updated asset objects reloaded before import = 0Number of asset objects unloaded after import = 17

========================================================================
Received Import Request.
  Time since last request: 0.000017 seconds.
  path: Assets/PolygonFantasyKingdom/Models/Convex/SM_Bld_Castle_Floor_Wood_02_Convex.asset
  artifactKey: Guid(5e781a18d32a6254fa65583c346f9437) Importer(2089858483,192608db42251d675da83286b1cce702)
Start importing Assets/PolygonFantasyKingdom/Models/Convex/SM_Bld_Castle_Floor_Wood_02_Convex.asset using Guid(5e781a18d32a6254fa65583c346f9437) Importer(2089858483,192608db42251d675da83286b1cce702) (ScriptedImporter)Generated GUIDs only implemented for interfaces!
 -> (artifact id: '5d6c645af327cae835a0022c63212c9d') in 0.0050631 seconds
Number of updated asset objects reloaded before import = 0Number of asset objects unloaded after import = 1

========================================================================
Received Import Request.
  Time since last request: 0.000090 seconds.
  path: Assets/PolygonFantasyKingdom/Models/Convex/SM_Bld_Castle_Battlements_06_Half_Convex.asset
  artifactKey: Guid(b939309816eee864084370367149b0fd) Importer(2089858483,192608db42251d675da83286b1cce702)
Start importing Assets/PolygonFantasyKingdom/Models/Convex/SM_Bld_Castle_Battlements_06_Half_Convex.asset using Guid(b939309816eee864084370367149b0fd) Importer(2089858483,192608db42251d675da83286b1cce702) (ScriptedImporter)Generated GUIDs only implemented for interfaces!
 -> (artifact id: '1462591725354bbbf4ebe83e893f72ae') in 0.007664 seconds
Number of updated asset objects reloaded before import = 0Number of asset objects unloaded after import = 1

========================================================================
Received Import Request.
  Time since last request: 0.000086 seconds.
  path: Assets/PolygonFantasyKingdom/Textures/Misc/PolygonFantasyKingdom_Texture_Normal_01.png
  artifactKey: Guid(ee4ca7d229aa8f04cab686907c5f3396) Importer(2089858483,192608db42251d675da83286b1cce702)
Start importing Assets/PolygonFantasyKingdom/Textures/Misc/PolygonFantasyKingdom_Texture_Normal_01.png using Guid(ee4ca7d229aa8f04cab686907c5f3396) Importer(2089858483,192608db42251d675da83286b1cce702) (ScriptedImporter)Generated GUIDs only implemented for interfaces!
 -> (artifact id: '6b44fb3a4f5bc5d54181ac5a30898b6f') in 0.0487406 seconds
Number of updated asset objects reloaded before import = 0Number of asset objects unloaded after import = 1

========================================================================
Received Import Request.
  Time since last request: 0.000065 seconds.
  path: Assets/PolygonFantasyKingdom/Materials
  artifactKey: Guid(8745814a0cc532044bf8af9962b3c8e4) Importer(2089858483,192608db42251d675da83286b1cce702)
Start importing Assets/PolygonFantasyKingdom/Materials using Guid(8745814a0cc532044bf8af9962b3c8e4) Importer(2089858483,192608db42251d675da83286b1cce702) (ScriptedImporter)Generated GUIDs only implemented for interfaces!
 -> (artifact id: '6e9e17eee11488dd940eed0823320d68') in 0.0036498 seconds
Number of updated asset objects reloaded before import = 0Number of asset objects unloaded after import = 1

========================================================================
Received Import Request.
  Time since last request: 0.000089 seconds.
  path: Assets/PolygonFantasyKingdom/Models/Convex/SM_Bld_Castle_Wall_Cut_04_Convex.asset
  artifactKey: Guid(2b664aa0018366342bd7f21584fcccc0) Importer(2089858483,192608db42251d675da83286b1cce702)
Start importing Assets/PolygonFantasyKingdom/Models/Convex/SM_Bld_Castle_Wall_Cut_04_Convex.asset using Guid(2b664aa0018366342bd7f21584fcccc0) Importer(2089858483,192608db42251d675da83286b1cce702) (ScriptedImporter)Generated GUIDs only implemented for interfaces!
 -> (artifact id: 'bdb2686110a904bfce3e3d86767156b2') in 0.0052726 seconds
Number of updated asset objects reloaded before import = 0Number of asset objects unloaded after import = 1

========================================================================
Received Import Request.
  Time since last request: 0.000063 seconds.
  path: Assets/PolygonFantasyKingdom/Prefabs/Castle/SM_Bld_Castle_Wall_01.prefab
  artifactKey: Guid(a8c3c2fa6519fae4690d44a8ec308088) Importer(2089858483,192608db42251d675da83286b1cce702)
Start importing Assets/PolygonFantasyKingdom/Prefabs/Castle/SM_Bld_Castle_Wall_01.prefab using Guid(a8c3c2fa6519fae4690d44a8ec308088) Importer(2089858483,192608db42251d675da83286b1cce702) (ScriptedImporter)Generated GUIDs only implemented for interfaces!
 -> (artifact id: '58e198ed7e6d5b5a7d5bbb95af2d7fa5') in 0.0111523 seconds
Number of updated asset objects reloaded before import = 0Number of asset objects unloaded after import = 8

========================================================================
Received Import Request.
  Time since last request: 0.000019 seconds.
  path: Assets/PolygonFantasyKingdom/Models/SM_Bld_Castle_Wall_Door_01.fbx
  artifactKey: Guid(286dc88b36dee44459e0354a7a7ada0b) Importer(2089858483,192608db42251d675da83286b1cce702)
Start importing Assets/PolygonFantasyKingdom/Models/SM_Bld_Castle_Wall_Door_01.fbx using Guid(286dc88b36dee44459e0354a7a7ada0b) Importer(2089858483,192608db42251d675da83286b1cce702) (ScriptedImporter)Generated GUIDs only implemented for interfaces!
 -> (artifact id: 'b2355edcd997a85af601251f8b1a3f4c') in 0.0165676 seconds
Number of updated asset objects reloaded before import = 0Number of asset objects unloaded after import = 7

========================================================================
Received Import Request.
  Time since last request: 0.000024 seconds.
  path: Assets/PolygonFantasyKingdom/Models/SM_Bld_Castle_Wall_Drain_01.fbx
  artifactKey: Guid(c20181f292fe6b644be34930c0c54a8d) Importer(2089858483,192608db42251d675da83286b1cce702)
Start importing Assets/PolygonFantasyKingdom/Models/SM_Bld_Castle_Wall_Drain_01.fbx using Guid(c20181f292fe6b644be34930c0c54a8d) Importer(2089858483,192608db42251d675da83286b1cce702) (ScriptedImporter)Generated GUIDs only implemented for interfaces!
 -> (artifact id: 'fe76188434cbe4dddb73764f281aaf50') in 0.0218151 seconds
Number of updated asset objects reloaded before import = 0Number of asset objects unloaded after import = 12

========================================================================
Received Import Request.
  Time since last request: 0.000026 seconds.
  path: Assets/PolygonFantasyKingdom/Materials/PolygonFantasyKingdom_Mat_01_A.mat
  artifactKey: Guid(71e41e43b459a244abaf5acca76b89ee) Importer(2089858483,192608db42251d675da83286b1cce702)
Start importing Assets/PolygonFantasyKingdom/Materials/PolygonFantasyKingdom_Mat_01_A.mat using Guid(71e41e43b459a244abaf5acca76b89ee) Importer(2089858483,192608db42251d675da83286b1cce702) (ScriptedImporter)Generated GUIDs only implemented for interfaces!
 -> (artifact id: '3e3d3055c0793132702d59b823090742') in 0.043929 seconds
Number of updated asset objects reloaded before import = 0Number of asset objects unloaded after import = 4

========================================================================
Received Import Request.
  Time since last request: 0.000018 seconds.
  path: Assets/PolygonFantasyKingdom/Models/Convex
  artifactKey: Guid(d12f3f4fc33e8d044a2c3df39812cef7) Importer(2089858483,192608db42251d675da83286b1cce702)
Start importing Assets/PolygonFantasyKingdom/Models/Convex using Guid(d12f3f4fc33e8d044a2c3df39812cef7) Importer(2089858483,192608db42251d675da83286b1cce702) (ScriptedImporter)Generated GUIDs only implemented for interfaces!
 -> (artifact id: '6280976e57669a63a75bcf7aac39501b') in 0.0045983 seconds
Number of updated asset objects reloaded before import = 0Number of asset objects unloaded after import = 1

========================================================================
Received Import Request.
  Time since last request: 0.000094 seconds.
  path: Assets/PolygonFantasyKingdom/Textures/Misc/PolygonFantasyKingdom_Texture_Emmisive.png
  artifactKey: Guid(ddc131df32f11f54a98daf8633aee1a3) Importer(2089858483,192608db42251d675da83286b1cce702)
Start importing Assets/PolygonFantasyKingdom/Textures/Misc/PolygonFantasyKingdom_Texture_Emmisive.png using Guid(ddc131df32f11f54a98daf8633aee1a3) Importer(2089858483,192608db42251d675da83286b1cce702) (ScriptedImporter)Generated GUIDs only implemented for interfaces!
 -> (artifact id: 'ebe245123ea2e23a7210b72cba93b9a6') in 0.018947 seconds
Number of updated asset objects reloaded before import = 0Number of asset objects unloaded after import = 1

========================================================================
Received Import Request.
  Time since last request: 0.000092 seconds.
  path: Assets/PolygonFantasyKingdom/Models/SM_Bld_Castle_Wall_Cut_04.fbx
  artifactKey: Guid(6b713b3043fe94340905b48d89cf1191) Importer(2089858483,192608db42251d675da83286b1cce702)
Start importing Assets/PolygonFantasyKingdom/Models/SM_Bld_Castle_Wall_Cut_04.fbx using Guid(6b713b3043fe94340905b48d89cf1191) Importer(2089858483,192608db42251d675da83286b1cce702) (ScriptedImporter)Generated GUIDs only implemented for interfaces!
 -> (artifact id: 'b81e8ee5e89a97c7bb814180cbf46b0a') in 0.0163442 seconds
Number of updated asset objects reloaded before import = 0Number of asset objects unloaded after import = 7

========================================================================
Received Import Request.
  Time since last request: 0.000039 seconds.
  path: Assets/PolygonFantasyKingdom/Textures
  artifactKey: Guid(ed63309aa7cd4ed4abd67bed7f221cde) Importer(2089858483,192608db42251d675da83286b1cce702)
Start importing Assets/PolygonFantasyKingdom/Textures using Guid(ed63309aa7cd4ed4abd67bed7f221cde) Importer(2089858483,192608db42251d675da83286b1cce702) (ScriptedImporter)Generated GUIDs only implemented for interfaces!
 -> (artifact id: '922ed8ccbf668be0e67504929e64006d') in 0.0034787 seconds
Number of updated asset objects reloaded before import = 0Number of asset objects unloaded after import = 1

========================================================================
Received Import Request.
  Time since last request: 0.000074 seconds.
  path: Assets/PolygonFantasyKingdom/Models
  artifactKey: Guid(059ae9347f4e6824c83d3f3fc6d25050) Importer(2089858483,192608db42251d675da83286b1cce702)
Start importing Assets/PolygonFantasyKingdom/Models using Guid(059ae9347f4e6824c83d3f3fc6d25050) Importer(2089858483,192608db42251d675da83286b1cce702) (ScriptedImporter)Generated GUIDs only implemented for interfaces!
 -> (artifact id: 'd312925a1b0743531ae6d329aee20de5') in 0.003523 seconds
Number of updated asset objects reloaded before import = 0Number of asset objects unloaded after import = 1

========================================================================
Received Import Request.
  Time since last request: 0.000078 seconds.
  path: Assets/PolygonFantasyKingdom/Prefabs/Castle/SM_Bld_Stairs_Straight_Wide_Edges_03.prefab
  artifactKey: Guid(57b83c4886d29a34ea3777b253d560e4) Importer(2089858483,192608db42251d675da83286b1cce702)
Start importing Assets/PolygonFantasyKingdom/Prefabs/Castle/SM_Bld_Stairs_Straight_Wide_Edges_03.prefab using Guid(57b83c4886d29a34ea3777b253d560e4) Importer(2089858483,192608db42251d675da83286b1cce702) (ScriptedImporter)Generated GUIDs only implemented for interfaces!
 -> (artifact id: 'b4f689dfb4e2a85fae71b4a6c5020bf4') in 0.0110669 seconds
Number of updated asset objects reloaded before import = 0Number of asset objects unloaded after import = 9

========================================================================
Received Import Request.
  Time since last request: 0.000018 seconds.
  path: Assets/PolygonFantasyKingdom/Models/SM_Bld_Castle_Floor_Wood_03.fbx
  artifactKey: Guid(786bb9266e9945540990a32e908cb76e) Importer(2089858483,192608db42251d675da83286b1cce702)
Start importing Assets/PolygonFantasyKingdom/Models/SM_Bld_Castle_Floor_Wood_03.fbx using Guid(786bb9266e9945540990a32e908cb76e) Importer(2089858483,192608db42251d675da83286b1cce702) (ScriptedImporter)Generated GUIDs only implemented for interfaces!
 -> (artifact id: '887ff23d38b9f18262306bdedc4a7145') in 0.0186704 seconds
Number of updated asset objects reloaded before import = 0Number of asset objects unloaded after import = 7

========================================================================
Received Import Request.
  Time since last request: 9.326225 seconds.
  path: Assets/PolygonFantasyKingdom/Prefabs
  artifactKey: Guid(cec66ae6e0602e54abef562650168b28) Importer(815301076,1909f56bfc062723c751e8b465ee728b)
Start importing Assets/PolygonFantasyKingdom/Prefabs using Guid(cec66ae6e0602e54abef562650168b28) Importer(815301076,1909f56bfc062723c751e8b465ee728b) (PreviewImporter) -> (artifact id: 'f9301e0da5bc14ca9876e6a67cef430f') in 0.0007493 seconds
Number of updated asset objects reloaded before import = 0Number of asset objects unloaded after import = 0

========================================================================
Received Import Request.
  Time since last request: 1.143768 seconds.
  path: Assets/PolygonFantasyKingdom/Prefabs/Castle
  artifactKey: Guid(565279bab084c344c805a38289703303) Importer(815301076,1909f56bfc062723c751e8b465ee728b)
Start importing Assets/PolygonFantasyKingdom/Prefabs/Castle using Guid(565279bab084c344c805a38289703303) Importer(815301076,1909f56bfc062723c751e8b465ee728b) (PreviewImporter) -> (artifact id: 'c7c313b49ef247d8aadd4cf4523a68f2') in 0.000565 seconds
Number of updated asset objects reloaded before import = 0Number of asset objects unloaded after import = 0

========================================================================
Received Import Request.
  Time since last request: 23.521971 seconds.
  path: Assets/PolygonFantasyKingdom/Prefabs/Level.prefab
  artifactKey: Guid(4d5b8a3e9051ab949931831d850ee9bc) Importer(2089858483,192608db42251d675da83286b1cce702)
Start importing Assets/PolygonFantasyKingdom/Prefabs/Level.prefab using Guid(4d5b8a3e9051ab949931831d850ee9bc) Importer(2089858483,192608db42251d675da83286b1cce702) (ScriptedImporter)Generated GUIDs only implemented for interfaces!
 -> (artifact id: '7a1823d878ac8fb0f4c848814660f466') in 0.0245863 seconds
Number of updated asset objects reloaded before import = 0Number of asset objects unloaded after import = 835

========================================================================
Received Import Request.
  Time since last request: 22.777304 seconds.
  path: Assets/Scenes/SampleScene 1.unity
  artifactKey: Guid(ca2cc9e643411584dba1d9ceae678cb3) Importer(815301076,1909f56bfc062723c751e8b465ee728b)
Start importing Assets/Scenes/SampleScene 1.unity using Guid(ca2cc9e643411584dba1d9ceae678cb3) Importer(815301076,1909f56bfc062723c751e8b465ee728b) (PreviewImporter) -> (artifact id: '1a7389e80189aa1d1a9e12e097391f69') in 0.000694 seconds
Number of updated asset objects reloaded before import = 0Number of asset objects unloaded after import = 0

========================================================================
Received Import Request.
  Time since last request: 0.967910 seconds.
  path: Assets/Scenes/SampleScene 1.unity
  artifactKey: Guid(ca2cc9e643411584dba1d9ceae678cb3) Importer(2089858483,192608db42251d675da83286b1cce702)
Start importing Assets/Scenes/SampleScene 1.unity using Guid(ca2cc9e643411584dba1d9ceae678cb3) Importer(2089858483,192608db42251d675da83286b1cce702) (ScriptedImporter)Generated GUIDs only implemented for interfaces!
 -> (artifact id: '3b578edd1cb36b38ae2ab175fd02e48a') in 0.0065128 seconds
Number of updated asset objects reloaded before import = 0Number of asset objects unloaded after import = 1

========================================================================
Received Import Request.
  Time since last request: 14.241316 seconds.
  path: Assets/Scenes/Sandbox.unity
  artifactKey: Guid(ca2cc9e643411584dba1d9ceae678cb3) Importer(815301076,1909f56bfc062723c751e8b465ee728b)
Start importing Assets/Scenes/Sandbox.unity using Guid(ca2cc9e643411584dba1d9ceae678cb3) Importer(815301076,1909f56bfc062723c751e8b465ee728b) (PreviewImporter) -> (artifact id: '9d36e378d926dbb1fb9481c0037c6006') in 0.0007083 seconds
Number of updated asset objects reloaded before import = 0Number of asset objects unloaded after import = 0

========================================================================
Received Import Request.
  Time since last request: 0.968838 seconds.
  path: Assets/Scenes/Sandbox.unity
  artifactKey: Guid(ca2cc9e643411584dba1d9ceae678cb3) Importer(2089858483,192608db42251d675da83286b1cce702)
Start importing Assets/Scenes/Sandbox.unity using Guid(ca2cc9e643411584dba1d9ceae678cb3) Importer(2089858483,192608db42251d675da83286b1cce702) (ScriptedImporter)Generated GUIDs only implemented for interfaces!
 -> (artifact id: 'dbb2499e7f96a08d009a696b752959e6') in 0.0137263 seconds
Number of updated asset objects reloaded before import = 0Number of asset objects unloaded after import = 1

========================================================================
Received Prepare
Begin MonoManager ReloadAssembly
C:\build\output\Unity-Technologies\mono\mono\metadata\icall.c:1842:
C:\build\output\Unity-Technologies\mono\mono\metadata\icall.c:1842:
C:\build\output\Unity-Technologies\mono\mono\metadata\icall.c:1842:
C:\build\output\Unity-Technologies\mono\mono\metadata\icall.c:1842:
C:\build\output\Unity-Technologies\mono\mono\metadata\icall.c:1842:
C:\build\output\Unity-Technologies\mono\mono\metadata\icall.c:1842:
C:\build\output\Unity-Technologies\mono\mono\metadata\icall.c:1842:
C:\build\output\Unity-Technologies\mono\mono\metadata\icall.c:1842:
C:\build\output\Unity-Technologies\mono\mono\metadata\icall.c:1842:
C:\build\output\Unity-Technologies\mono\mono\metadata\icall.c:1842:
C:\build\output\Unity-Technologies\mono\mono\metadata\icall.c:1842:
C:\build\output\Unity-Technologies\mono\mono\metadata\icall.c:1842:
Symbol file LoadedFromMemory doesn't match image C:\Users\corya\Documents\GitHub\TeamGiantHamster_MageGame\TGH_MageGame\Library\PackageCache\com.unity.visualscripting@1.8.0\Editor\VisualScripting.Core\Dependencies\YamlDotNet\Unity.VisualScripting.YamlDotNet.dll
Symbol file LoadedFromMemory doesn't match image C:\Users\corya\Documents\GitHub\TeamGiantHamster_MageGame\TGH_MageGame\Library\PackageCache\com.unity.visualscripting@1.8.0\Editor\VisualScripting.Core\Dependencies\DotNetZip\Unity.VisualScripting.IonicZip.dll
- Loaded All Assemblies, in  0.779 seconds
Refreshing native plugins compatible for Editor in 1.56 ms, found 3 plugins.
Native extension for Android target not found
Native extension for UWP target not found
Native extension for WindowsStandalone target not found
Native extension for WebGL target not found
Mono: successfully reloaded assembly
- Finished resetting the current domain, in  0.804 seconds
Domain Reload Profiling: 1576ms
	BeginReloadAssembly (229ms)
		ExecutionOrderSort (0ms)
		DisableScriptedObjects (5ms)
		BackupInstance (0ms)
		ReleaseScriptingObjects (0ms)
		CreateAndSetChildDomain (48ms)
	RebuildCommonClasses (50ms)
	RebuildNativeTypeToScriptingClass (15ms)
	initialDomainReloadingComplete (35ms)
	LoadAllAssembliesAndSetupDomain (443ms)
		LoadAssemblies (427ms)
		RebuildTransferFunctionScriptingTraits (0ms)
		AnalyzeDomain (145ms)
			TypeCache.Refresh (5ms)
				TypeCache.ScanAssembly (0ms)
			BuildScriptInfoCaches (131ms)
			ResolveRequiredComponents (4ms)
	FinalizeReload (805ms)
		ReleaseScriptCaches (0ms)
		RebuildScriptCaches (0ms)
		SetupLoadedEditorAssemblies (543ms)
			LogAssemblyErrors (0ms)
			InitializePlatformSupportModulesInManaged (26ms)
			SetLoadedEditorAssemblies (5ms)
			BeforeProcessingInitializeOnLoad (68ms)
			ProcessInitializeOnLoadAttributes (403ms)
			ProcessInitializeOnLoadMethodAttributes (25ms)
			AfterProcessingInitializeOnLoad (15ms)
			EditorAssembliesLoaded (0ms)
		ExecutionOrderSort2 (0ms)
		AwakeInstancesAfterBackupRestoration (9ms)
Refreshing native plugins compatible for Editor in 2.02 ms, found 3 plugins.
Preloading 0 native plugins for Editor in 0.00 ms.
Unloading 0 Unused Serialized files (Serialized files now loaded: 0)
Unloading 3519 unused Assets / (1.0 MB). Loaded Objects now: 4097.
Memory consumption went from 119.3 MB to 118.3 MB.
Total: 9.149500 ms (FindLiveObjects: 0.491700 ms CreateObjectMapping: 0.629300 ms MarkObjects: 6.502900 ms  DeleteObjects: 1.524600 ms)

Prepare: number of updated asset objects reloaded= 0
