Using pre-set license
Built from '2023.2/staging' branch; Version is '2023.2.1f1 (a6dd9a634651) revision 10935706'; Using compiler version '193431935'; Build Type 'Release'
OS: 'Windows 10  (10.0.19045) 64bit Core' Language: 'en' Physical Memory: 65475 MB
BatchMode: 1, IsHumanControllingUs: 0, StartBugReporterOnCrash: 0, Is64bit: 1, IsPro: 1

COMMAND LINE ARGUMENTS:
C:\Program Files\Unity\Hub\Editor\2023.2.1f1\Editor\Unity.exe
-adb2
-batchMode
-noUpm
-name
AssetImportWorker3
-projectPath
C:/Users/corya/Documents/GitHub/TeamGiantHamster_MageGame/TGH_MageGame
-logFile
Logs/AssetImportWorker3.log
-srvPort
50785
-job-worker-count
5
-background-job-worker-count
8
-asset-garbage-collectors
1
Successfully changed project path to: C:/Users/corya/Documents/GitHub/TeamGiantHamster_MageGame/TGH_MageGame
C:/Users/corya/Documents/GitHub/TeamGiantHamster_MageGame/TGH_MageGame
[UnityMemory] Configuration Parameters - Can be set up in boot.config
    "memorysetup-bucket-allocator-granularity=16"
    "memorysetup-bucket-allocator-bucket-count=8"
    "memorysetup-bucket-allocator-block-size=33554432"
    "memorysetup-bucket-allocator-block-count=8"
    "memorysetup-main-allocator-block-size=16777216"
    "memorysetup-thread-allocator-block-size=16777216"
    "memorysetup-gfx-main-allocator-block-size=16777216"
    "memorysetup-gfx-thread-allocator-block-size=16777216"
    "memorysetup-cache-allocator-block-size=4194304"
    "memorysetup-typetree-allocator-block-size=2097152"
    "memorysetup-profiler-bucket-allocator-granularity=16"
    "memorysetup-profiler-bucket-allocator-bucket-count=8"
    "memorysetup-profiler-bucket-allocator-block-size=33554432"
    "memorysetup-profiler-bucket-allocator-block-count=8"
    "memorysetup-profiler-allocator-block-size=16777216"
    "memorysetup-profiler-editor-allocator-block-size=1048576"
    "memorysetup-temp-allocator-size-main=16777216"
    "memorysetup-job-temp-allocator-block-size=2097152"
    "memorysetup-job-temp-allocator-block-size-background=1048576"
    "memorysetup-job-temp-allocator-reduction-small-platforms=262144"
    "memorysetup-allocator-temp-initial-block-size-main=262144"
    "memorysetup-allocator-temp-initial-block-size-worker=262144"
    "memorysetup-temp-allocator-size-background-worker=32768"
    "memorysetup-temp-allocator-size-job-worker=262144"
    "memorysetup-temp-allocator-size-preload-manager=33554432"
    "memorysetup-temp-allocator-size-nav-mesh-worker=65536"
    "memorysetup-temp-allocator-size-audio-worker=65536"
    "memorysetup-temp-allocator-size-cloud-worker=32768"
    "memorysetup-temp-allocator-size-gi-baking-worker=262144"
    "memorysetup-temp-allocator-size-gi-baking-worker=262144"
    "memorysetup-temp-allocator-size-gi-baking-worker=262144"
    "memorysetup-temp-allocator-size-gi-baking-worker=262144"
    "memorysetup-temp-allocator-size-gfx=262144"
Player connection [13308] Host "[IP] 10.0.0.40 [Port] 0 [Flags] 2 [Guid] 2948636537 [EditorId] 2948636537 [Version] 1048832 [Id] WindowsEditor(7,Corys-Workstation) [Debug] 1 [PackageName] WindowsEditor [ProjectName] Editor" joined multi-casting on [225.0.0.222:54997]...
Player connection [13308] Host "[IP] 10.0.0.40 [Port] 0 [Flags] 2 [Guid] 2948636537 [EditorId] 2948636537 [Version] 1048832 [Id] WindowsEditor(7,Corys-Workstation) [Debug] 1 [PackageName] WindowsEditor [ProjectName] Editor" joined alternative multi-casting on [225.0.0.222:34997]...
JobSystem: Creating JobQueue using job-worker-count value 5
[Physics::Module] Initialized MultithreadedJobDispatcher with 5 workers.
Library Redirect Path: Library/
Refreshing native plugins compatible for Editor in 2.35 ms, found 3 plugins.
Preloading 0 native plugins for Editor in 0.00 ms.
Initialize engine version: 2023.2.1f1 (a6dd9a634651)
[Subsystems] Discovering subsystems at path C:/Program Files/Unity/Hub/Editor/2023.2.1f1/Editor/Data/Resources/UnitySubsystems
[Subsystems] Discovering subsystems at path C:/Users/corya/Documents/GitHub/TeamGiantHamster_MageGame/TGH_MageGame/Assets
GfxDevice: creating device client; kGfxThreadingModeNonThreaded
Direct3D:
    Version:  Direct3D 11.0 [level 11.1]
    Renderer: NVIDIA GeForce RTX 3080 Ti (ID=0x2208)
    Vendor:   NVIDIA
    VRAM:     12100 MB
    Driver:   31.0.15.3623
Initialize mono
Mono path[0] = 'C:/Program Files/Unity/Hub/Editor/2023.2.1f1/Editor/Data/Managed'
Mono path[1] = 'C:/Program Files/Unity/Hub/Editor/2023.2.1f1/Editor/Data/MonoBleedingEdge/lib/mono/unityjit-win32'
Mono config path = 'C:/Program Files/Unity/Hub/Editor/2023.2.1f1/Editor/Data/MonoBleedingEdge/etc'
Using monoOptions --debugger-agent=transport=dt_socket,embedding=1,server=y,suspend=n,address=127.0.0.1:56116
Begin MonoManager ReloadAssembly
C:\build\output\Unity-Technologies\mono\mono\metadata\icall.c:1842:
C:\build\output\Unity-Technologies\mono\mono\metadata\icall.c:1842:
C:\build\output\Unity-Technologies\mono\mono\metadata\icall.c:1842:
C:\build\output\Unity-Technologies\mono\mono\metadata\icall.c:1842:
C:\build\output\Unity-Technologies\mono\mono\metadata\icall.c:1842:
C:\build\output\Unity-Technologies\mono\mono\metadata\icall.c:1842:
C:\build\output\Unity-Technologies\mono\mono\metadata\icall.c:1842:
C:\build\output\Unity-Technologies\mono\mono\metadata\icall.c:1842:
C:\build\output\Unity-Technologies\mono\mono\metadata\icall.c:1842:
C:\build\output\Unity-Technologies\mono\mono\metadata\icall.c:1842:
Registering precompiled unity dll's ...
Register platform support module: C:/Program Files/Unity/Hub/Editor/2023.2.1f1/Editor/Data/PlaybackEngines/WebGLSupport/UnityEditor.WebGL.Extensions.dll
Register platform support module: C:/Program Files/Unity/Hub/Editor/2023.2.1f1/Editor/Data/PlaybackEngines/WindowsStandaloneSupport/UnityEditor.WindowsStandalone.Extensions.dll
Register platform support module: C:/Program Files/Unity/Hub/Editor/2023.2.1f1/Editor/Data/PlaybackEngines/MetroSupport/UnityEditor.UWP.Extensions.dll
Register platform support module: C:/Program Files/Unity/Hub/Editor/2023.2.1f1/Editor/Data/PlaybackEngines/AndroidPlayer/UnityEditor.Android.Extensions.dll
Registered in 0.014147 seconds.
- Loaded All Assemblies, in  0.635 seconds
Native extension for Android target not found
Multiple ADB server instances found, the following ADB server instance have been terminated due to being run from another SDK. Process paths: 
C:\Program Files\Unity\Hub\Editor\2022.3.41f1\Editor\Data\PlaybackEngines\AndroidPlayer\SDK\platform-tools\adb.exe
UnityEngine.Debug:ExtractStackTraceNoAlloc (byte*,int,string)
UnityEngine.StackTraceUtility:ExtractStackTrace ()
UnityEngine.DebugLogHandler:Internal_Log (UnityEngine.LogType,UnityEngine.LogOption,string,UnityEngine.Object)
UnityEngine.DebugLogHandler:LogFormat (UnityEngine.LogType,UnityEngine.Object,string,object[])
UnityEngine.Logger:Log (UnityEngine.LogType,object)
UnityEngine.Debug:Log (object)
UnityEditor.Android.AndroidDeploymentTargetsExtension:GetKnownTargets (UnityEditor.DeploymentTargets.IDeploymentTargetsMainThreadContext,UnityEditor.ProgressHandler)
UnityEditor.Android.TargetScanWorker:ScanSync ()
UnityEditor.Android.TargetExtension:OnUsbDevicesChanged (UnityEditor.Hardware.UsbDevice[])
UnityEditor.Android.TargetExtension:OnLoad ()
UnityEditor.Modules.ModuleManager:InitializePlatformSupportModules ()

Android Extension - Scanning For ADB Devices 2497 ms
Native extension for UWP target not found
Native extension for WindowsStandalone target not found
Native extension for WebGL target not found
Mono: successfully reloaded assembly
C:\build\output\Unity-Technologies\mono\mono\metadata\icall.c:1842:
C:\build\output\Unity-Technologies\mono\mono\metadata\icall.c:1842:
- Finished resetting the current domain, in  2.950 seconds
Domain Reload Profiling: 3579ms
	BeginReloadAssembly (198ms)
		ExecutionOrderSort (0ms)
		DisableScriptedObjects (0ms)
		BackupInstance (0ms)
		ReleaseScriptingObjects (0ms)
		CreateAndSetChildDomain (1ms)
	RebuildCommonClasses (53ms)
	RebuildNativeTypeToScriptingClass (18ms)
	initialDomainReloadingComplete (87ms)
	LoadAllAssembliesAndSetupDomain (272ms)
		LoadAssemblies (194ms)
		RebuildTransferFunctionScriptingTraits (0ms)
		AnalyzeDomain (267ms)
			TypeCache.Refresh (266ms)
				TypeCache.ScanAssembly (248ms)
			BuildScriptInfoCaches (0ms)
			ResolveRequiredComponents (1ms)
	FinalizeReload (2951ms)
		ReleaseScriptCaches (0ms)
		RebuildScriptCaches (0ms)
		SetupLoadedEditorAssemblies (2881ms)
			LogAssemblyErrors (0ms)
			InitializePlatformSupportModulesInManaged (2644ms)
			SetLoadedEditorAssemblies (3ms)
			BeforeProcessingInitializeOnLoad (7ms)
			ProcessInitializeOnLoadAttributes (172ms)
			ProcessInitializeOnLoadMethodAttributes (56ms)
			AfterProcessingInitializeOnLoad (0ms)
			EditorAssembliesLoaded (0ms)
		ExecutionOrderSort2 (0ms)
		AwakeInstancesAfterBackupRestoration (0ms)
========================================================================
Worker process is ready to serve import requests
Import Worker Mode flag is 0x00
Begin MonoManager ReloadAssembly
C:\build\output\Unity-Technologies\mono\mono\metadata\icall.c:1842:
C:\build\output\Unity-Technologies\mono\mono\metadata\icall.c:1842:
C:\build\output\Unity-Technologies\mono\mono\metadata\icall.c:1842:
C:\build\output\Unity-Technologies\mono\mono\metadata\icall.c:1842:
C:\build\output\Unity-Technologies\mono\mono\metadata\icall.c:1842:
C:\build\output\Unity-Technologies\mono\mono\metadata\icall.c:1842:
C:\build\output\Unity-Technologies\mono\mono\metadata\icall.c:1842:
C:\build\output\Unity-Technologies\mono\mono\metadata\icall.c:1842:
C:\build\output\Unity-Technologies\mono\mono\metadata\icall.c:1842:
C:\build\output\Unity-Technologies\mono\mono\metadata\icall.c:1842:
C:\build\output\Unity-Technologies\mono\mono\metadata\icall.c:1842:
C:\build\output\Unity-Technologies\mono\mono\metadata\icall.c:1842:
Symbol file LoadedFromMemory doesn't match image C:\Users\corya\Documents\GitHub\TeamGiantHamster_MageGame\TGH_MageGame\Library\PackageCache\com.unity.visualscripting@1.8.0\Editor\VisualScripting.Core\Dependencies\YamlDotNet\Unity.VisualScripting.YamlDotNet.dll
Symbol file LoadedFromMemory doesn't match image C:\Users\corya\Documents\GitHub\TeamGiantHamster_MageGame\TGH_MageGame\Library\PackageCache\com.unity.visualscripting@1.8.0\Editor\VisualScripting.Core\Dependencies\DotNetZip\Unity.VisualScripting.IonicZip.dll
- Loaded All Assemblies, in  0.979 seconds
Refreshing native plugins compatible for Editor in 1.42 ms, found 3 plugins.
Native extension for Android target not found
Native extension for UWP target not found
Native extension for WindowsStandalone target not found
Native extension for WebGL target not found
Mono: successfully reloaded assembly
- Finished resetting the current domain, in  0.777 seconds
Domain Reload Profiling: 1748ms
	BeginReloadAssembly (345ms)
		ExecutionOrderSort (0ms)
		DisableScriptedObjects (5ms)
		BackupInstance (0ms)
		ReleaseScriptingObjects (0ms)
		CreateAndSetChildDomain (33ms)
	RebuildCommonClasses (40ms)
	RebuildNativeTypeToScriptingClass (14ms)
	initialDomainReloadingComplete (48ms)
	LoadAllAssembliesAndSetupDomain (524ms)
		LoadAssemblies (436ms)
		RebuildTransferFunctionScriptingTraits (0ms)
		AnalyzeDomain (212ms)
			TypeCache.Refresh (180ms)
				TypeCache.ScanAssembly (163ms)
			BuildScriptInfoCaches (20ms)
			ResolveRequiredComponents (8ms)
	FinalizeReload (777ms)
		ReleaseScriptCaches (0ms)
		RebuildScriptCaches (0ms)
		SetupLoadedEditorAssemblies (545ms)
			LogAssemblyErrors (0ms)
			InitializePlatformSupportModulesInManaged (26ms)
			SetLoadedEditorAssemblies (5ms)
			BeforeProcessingInitializeOnLoad (62ms)
			ProcessInitializeOnLoadAttributes (406ms)
			ProcessInitializeOnLoadMethodAttributes (30ms)
			AfterProcessingInitializeOnLoad (16ms)
			EditorAssembliesLoaded (0ms)
		ExecutionOrderSort2 (0ms)
		AwakeInstancesAfterBackupRestoration (10ms)
Launched and connected shader compiler UnityShaderCompiler.exe after 0.02 seconds
Refreshing native plugins compatible for Editor in 2.64 ms, found 3 plugins.
Preloading 0 native plugins for Editor in 0.00 ms.
Unloading 9 Unused Serialized files (Serialized files now loaded: 0)
Unloading 3521 unused Assets / (1.2 MB). Loaded Objects now: 4084.
Memory consumption went from 118.2 MB to 117.0 MB.
Total: 11.924500 ms (FindLiveObjects: 0.595500 ms CreateObjectMapping: 0.793000 ms MarkObjects: 8.782600 ms  DeleteObjects: 1.751600 ms)

========================================================================
Received Import Request.
  Time since last request: 208703.038481 seconds.
  path: Assets/Kevin Iglesias/Basic Motions/Animations/Idles/BasicMotions@Idle02.fbx
  artifactKey: Guid(cbc500a5daea7c04892be5e81ed7a3c1) Importer(815301076,1909f56bfc062723c751e8b465ee728b)
Start importing Assets/Kevin Iglesias/Basic Motions/Animations/Idles/BasicMotions@Idle02.fbx using Guid(cbc500a5daea7c04892be5e81ed7a3c1) Importer(815301076,1909f56bfc062723c751e8b465ee728b) (PreviewImporter) -> (artifact id: '61bc25c9e5e6e961e24bf46c294d549a') in 0.0574081 seconds
Number of updated asset objects reloaded before import = 0Number of asset objects unloaded after import = 132

========================================================================
Received Import Request.
  Time since last request: 0.000029 seconds.
  path: Assets/Male Mage Pack 01 Cute Series/01 Customize Character Here/02 Attach Weapons and Accessories/Head Dress (+ Head )/Crown Halo Aqua.prefab
  artifactKey: Guid(84a6a20a5a7cfb1458b9e0687ebc6017) Importer(815301076,1909f56bfc062723c751e8b465ee728b)
Start importing Assets/Male Mage Pack 01 Cute Series/01 Customize Character Here/02 Attach Weapons and Accessories/Head Dress (+ Head )/Crown Halo Aqua.prefab using Guid(84a6a20a5a7cfb1458b9e0687ebc6017) Importer(815301076,1909f56bfc062723c751e8b465ee728b) (PreviewImporter) -> (artifact id: '673dcc6c301860f4aa3c86fa2cc6183b') in 0.0917186 seconds
Number of updated asset objects reloaded before import = 0Number of asset objects unloaded after import = 25

========================================================================
Received Import Request.
  Time since last request: 0.000020 seconds.
  path: Assets/Male Mage Pack 01 Cute Series/01 Customize Character Here/02 Attach Weapons and Accessories/Standard Faces (+ Head)/Face Male 02 Grey.prefab
  artifactKey: Guid(d10950c921461754bb654f193a38eb60) Importer(815301076,1909f56bfc062723c751e8b465ee728b)
Start importing Assets/Male Mage Pack 01 Cute Series/01 Customize Character Here/02 Attach Weapons and Accessories/Standard Faces (+ Head)/Face Male 02 Grey.prefab using Guid(d10950c921461754bb654f193a38eb60) Importer(815301076,1909f56bfc062723c751e8b465ee728b) (PreviewImporter) -> (artifact id: 'bab5b3294f8b67b59f1066107c847100') in 0.0091167 seconds
Number of updated asset objects reloaded before import = 0Number of asset objects unloaded after import = 9

========================================================================
Received Import Request.
  Time since last request: 0.000023 seconds.
  path: Assets/Male Mage Pack 01 Cute Series/01 Customize Character Here/02 Attach Weapons and Accessories/Standard Faces (+ Head)/Face Male 01 Orange.prefab
  artifactKey: Guid(ec9c477745503c4418f75e001015be35) Importer(815301076,1909f56bfc062723c751e8b465ee728b)
Start importing Assets/Male Mage Pack 01 Cute Series/01 Customize Character Here/02 Attach Weapons and Accessories/Standard Faces (+ Head)/Face Male 01 Orange.prefab using Guid(ec9c477745503c4418f75e001015be35) Importer(815301076,1909f56bfc062723c751e8b465ee728b) (PreviewImporter) -> (artifact id: 'd4caf4d579d92aa95537aa11c7717cb4') in 0.0097634 seconds
Number of updated asset objects reloaded before import = 0Number of asset objects unloaded after import = 9

========================================================================
Received Import Request.
  Time since last request: 0.000019 seconds.
  path: Assets/Kevin Iglesias/Basic Motions/Animations/Movement/BasicMotions@Run01 [RM].fbx
  artifactKey: Guid(1b868613f10ae8747a1790c8b79c439a) Importer(815301076,1909f56bfc062723c751e8b465ee728b)
Start importing Assets/Kevin Iglesias/Basic Motions/Animations/Movement/BasicMotions@Run01 [RM].fbx using Guid(1b868613f10ae8747a1790c8b79c439a) Importer(815301076,1909f56bfc062723c751e8b465ee728b) (PreviewImporter) -> (artifact id: '049dcdd2fa5aeecacc31c69c8390a5bb') in 0.0094851 seconds
Number of updated asset objects reloaded before import = 0Number of asset objects unloaded after import = 138

========================================================================
Received Import Request.
  Time since last request: 0.000015 seconds.
  path: Assets/Male Mage Pack 01 Cute Series/01 Customize Character Here/02 Attach Weapons and Accessories/Standard Faces (+ Head)/Face Male 01 Black.prefab
  artifactKey: Guid(4008f458f907a4a4ea536c302d7ff47c) Importer(815301076,1909f56bfc062723c751e8b465ee728b)
Start importing Assets/Male Mage Pack 01 Cute Series/01 Customize Character Here/02 Attach Weapons and Accessories/Standard Faces (+ Head)/Face Male 01 Black.prefab using Guid(4008f458f907a4a4ea536c302d7ff47c) Importer(815301076,1909f56bfc062723c751e8b465ee728b) (PreviewImporter) -> (artifact id: '3facb43914d1dc819c0dc6b323c7a454') in 0.0083082 seconds
Number of updated asset objects reloaded before import = 0Number of asset objects unloaded after import = 9

========================================================================
Received Import Request.
  Time since last request: 0.000015 seconds.
  path: Assets/Male Mage Pack 01 Cute Series/Standard Assets Files/Animators and Animations/Char@Run Forward W Weapons In Place.FBX
  artifactKey: Guid(d4cdc39099644064a88499db3b3518c6) Importer(815301076,1909f56bfc062723c751e8b465ee728b)
Start importing Assets/Male Mage Pack 01 Cute Series/Standard Assets Files/Animators and Animations/Char@Run Forward W Weapons In Place.FBX using Guid(d4cdc39099644064a88499db3b3518c6) Importer(815301076,1909f56bfc062723c751e8b465ee728b) (PreviewImporter) -> (artifact id: 'cda3040b018ea46c4cbc91b34b4a04a9') in 0.0771148 seconds
Number of updated asset objects reloaded before import = 0Number of asset objects unloaded after import = 91

========================================================================
Received Import Request.
  Time since last request: 0.000027 seconds.
  path: Assets/Kevin Iglesias/Basic Motions/Models/BasicMotionsDummyModel.fbx
  artifactKey: Guid(cea7b4908e889df4ea1487e9f97c3c67) Importer(815301076,1909f56bfc062723c751e8b465ee728b)
Start importing Assets/Kevin Iglesias/Basic Motions/Models/BasicMotionsDummyModel.fbx using Guid(cea7b4908e889df4ea1487e9f97c3c67) Importer(815301076,1909f56bfc062723c751e8b465ee728b) (PreviewImporter) -> (artifact id: 'c99b73fa9dcc814d8534c3aa5c0bd67e') in 0.0187754 seconds
Number of updated asset objects reloaded before import = 0Number of asset objects unloaded after import = 136

========================================================================
Received Import Request.
  Time since last request: 0.000036 seconds.
  path: Assets/Kevin Iglesias/Basic Motions/Animations/Movement/BasicMotions@Walk01.fbx
  artifactKey: Guid(90cc8eeb37fb3f841b1892529070a4e7) Importer(815301076,1909f56bfc062723c751e8b465ee728b)
Start importing Assets/Kevin Iglesias/Basic Motions/Animations/Movement/BasicMotions@Walk01.fbx using Guid(90cc8eeb37fb3f841b1892529070a4e7) Importer(815301076,1909f56bfc062723c751e8b465ee728b) (PreviewImporter) -> (artifact id: 'de7eb8f2763d273e442adab601b6dcb9') in 0.0081948 seconds
Number of updated asset objects reloaded before import = 0Number of asset objects unloaded after import = 138

========================================================================
Received Import Request.
  Time since last request: 0.000029 seconds.
  path: Assets/Male Mage Pack 01 Cute Series/FBX/Crown Halo.FBX
  artifactKey: Guid(2dab6c49117ec024f828efb816d49aa8) Importer(815301076,1909f56bfc062723c751e8b465ee728b)
Start importing Assets/Male Mage Pack 01 Cute Series/FBX/Crown Halo.FBX using Guid(2dab6c49117ec024f828efb816d49aa8) Importer(815301076,1909f56bfc062723c751e8b465ee728b) (PreviewImporter) -> (artifact id: '749cd028f036a2e24fd8a8a6ca88e4e1') in 0.010405 seconds
Number of updated asset objects reloaded before import = 0Number of asset objects unloaded after import = 7

========================================================================
Received Import Request.
  Time since last request: 0.000015 seconds.
  path: Assets/Kevin Iglesias/Basic Motions/Prefabs/BasicMotionsDummy.prefab
  artifactKey: Guid(4a076a09e2096f140b4008b73dea295f) Importer(815301076,1909f56bfc062723c751e8b465ee728b)
Start importing Assets/Kevin Iglesias/Basic Motions/Prefabs/BasicMotionsDummy.prefab using Guid(4a076a09e2096f140b4008b73dea295f) Importer(815301076,1909f56bfc062723c751e8b465ee728b) (PreviewImporter) -> (artifact id: '1da5db32c9d70703313cc29ecdcf848e') in 0.0100184 seconds
Number of updated asset objects reloaded before import = 0Number of asset objects unloaded after import = 136

========================================================================
Received Import Request.
  Time since last request: 0.000023 seconds.
  path: Assets/Kevin Iglesias/Basic Motions/Animations/Movement/BasicMotions@Strafe01.fbx
  artifactKey: Guid(793b980b31b16ff42b584b4529db220b) Importer(815301076,1909f56bfc062723c751e8b465ee728b)
Start importing Assets/Kevin Iglesias/Basic Motions/Animations/Movement/BasicMotions@Strafe01.fbx using Guid(793b980b31b16ff42b584b4529db220b) Importer(815301076,1909f56bfc062723c751e8b465ee728b) (PreviewImporter) -> (artifact id: '4ce89353ab312bddfa48643d2359eba1') in 0.0054742 seconds
Number of updated asset objects reloaded before import = 0Number of asset objects unloaded after import = 132

========================================================================
Received Import Request.
  Time since last request: 2.090958 seconds.
  path: Assets/Male Mage Pack 01 Cute Series/01 Customize Character Here/02 Attach Weapons and Accessories/Standard Faces (+ Head)/Face Male 03 Blonde.prefab
  artifactKey: Guid(a48806fc9a3f44d4092b7a18edc9220d) Importer(815301076,1909f56bfc062723c751e8b465ee728b)
Start importing Assets/Male Mage Pack 01 Cute Series/01 Customize Character Here/02 Attach Weapons and Accessories/Standard Faces (+ Head)/Face Male 03 Blonde.prefab using Guid(a48806fc9a3f44d4092b7a18edc9220d) Importer(815301076,1909f56bfc062723c751e8b465ee728b) (PreviewImporter) -> (artifact id: '79ef239f4f050e0ea60150fadd12717f') in 0.0102082 seconds
Number of updated asset objects reloaded before import = 0Number of asset objects unloaded after import = 9

========================================================================
Received Import Request.
  Time since last request: 0.000023 seconds.
  path: Assets/Male Mage Pack 01 Cute Series/01 Customize Character Here/02 Attach Weapons and Accessories/Standard Faces (+ Head)/Face Male 03 Orange.prefab
  artifactKey: Guid(b68321e0cc5d7e34ca00316cca10ff80) Importer(815301076,1909f56bfc062723c751e8b465ee728b)
Start importing Assets/Male Mage Pack 01 Cute Series/01 Customize Character Here/02 Attach Weapons and Accessories/Standard Faces (+ Head)/Face Male 03 Orange.prefab using Guid(b68321e0cc5d7e34ca00316cca10ff80) Importer(815301076,1909f56bfc062723c751e8b465ee728b) (PreviewImporter) -> (artifact id: 'bd6bd83fa67e1ffab218bdb1a506a1e3') in 0.0110326 seconds
Number of updated asset objects reloaded before import = 0Number of asset objects unloaded after import = 9

========================================================================
Received Import Request.
  Time since last request: 0.000022 seconds.
  path: Assets/Male Mage Pack 01 Cute Series/01 Customize Character Here/02 Attach Weapons and Accessories/Standard Faces (+ Head)/Face Male 03 Brown.prefab
  artifactKey: Guid(8d17396b6b9ea6b409c3749833cde5b9) Importer(815301076,1909f56bfc062723c751e8b465ee728b)
Start importing Assets/Male Mage Pack 01 Cute Series/01 Customize Character Here/02 Attach Weapons and Accessories/Standard Faces (+ Head)/Face Male 03 Brown.prefab using Guid(8d17396b6b9ea6b409c3749833cde5b9) Importer(815301076,1909f56bfc062723c751e8b465ee728b) (PreviewImporter) -> (artifact id: 'b112c1de971502ace4b95508c18f943e') in 0.0096365 seconds
Number of updated asset objects reloaded before import = 0Number of asset objects unloaded after import = 9

========================================================================
Received Import Request.
  Time since last request: 0.363155 seconds.
  path: Assets/Male Mage Pack 01 Cute Series/01 Customize Character Here/01 Drag Character Base to Scene/Fair Aqua Male Mage 02.prefab
  artifactKey: Guid(b0a1d03046f2d4348b7050704b3423b9) Importer(815301076,1909f56bfc062723c751e8b465ee728b)
Start importing Assets/Male Mage Pack 01 Cute Series/01 Customize Character Here/01 Drag Character Base to Scene/Fair Aqua Male Mage 02.prefab using Guid(b0a1d03046f2d4348b7050704b3423b9) Importer(815301076,1909f56bfc062723c751e8b465ee728b) (PreviewImporter) -> (artifact id: '2e3b801f884ca0b9265fb1cf56bc0029') in 0.0113762 seconds
Number of updated asset objects reloaded before import = 0Number of asset objects unloaded after import = 102

========================================================================
Received Import Request.
  Time since last request: 0.000021 seconds.
  path: Assets/Male Mage Pack 01 Cute Series/01 Customize Character Here/01 Drag Character Base to Scene/Fair Aqua Male Mage 03.prefab
  artifactKey: Guid(fd804b53666764447821ee82d2586844) Importer(815301076,1909f56bfc062723c751e8b465ee728b)
Start importing Assets/Male Mage Pack 01 Cute Series/01 Customize Character Here/01 Drag Character Base to Scene/Fair Aqua Male Mage 03.prefab using Guid(fd804b53666764447821ee82d2586844) Importer(815301076,1909f56bfc062723c751e8b465ee728b) (PreviewImporter) -> (artifact id: '4e62210585bfa55916a7b3d561765f4f') in 0.0126546 seconds
Number of updated asset objects reloaded before import = 0Number of asset objects unloaded after import = 102

========================================================================
Received Import Request.
  Time since last request: 0.010891 seconds.
  path: Assets/Male Mage Pack 01 Cute Series/01 Customize Character Here/01 Drag Character Base to Scene/Fair Fire Male Mage 01.prefab
  artifactKey: Guid(98a6111148ec06b47b7bc56e017e9329) Importer(815301076,1909f56bfc062723c751e8b465ee728b)
Start importing Assets/Male Mage Pack 01 Cute Series/01 Customize Character Here/01 Drag Character Base to Scene/Fair Fire Male Mage 01.prefab using Guid(98a6111148ec06b47b7bc56e017e9329) Importer(815301076,1909f56bfc062723c751e8b465ee728b) (PreviewImporter) -> (artifact id: '9dbcd0ab2122c676a9f422dc6f727a3c') in 0.0096063 seconds
Number of updated asset objects reloaded before import = 0Number of asset objects unloaded after import = 102

========================================================================
Received Import Request.
  Time since last request: 0.000019 seconds.
  path: Assets/Male Mage Pack 01 Cute Series/01 Customize Character Here/01 Drag Character Base to Scene/Fair Fire Male Mage 02.prefab
  artifactKey: Guid(f684ee38e61cfaa418299008be0733b8) Importer(815301076,1909f56bfc062723c751e8b465ee728b)
Start importing Assets/Male Mage Pack 01 Cute Series/01 Customize Character Here/01 Drag Character Base to Scene/Fair Fire Male Mage 02.prefab using Guid(f684ee38e61cfaa418299008be0733b8) Importer(815301076,1909f56bfc062723c751e8b465ee728b) (PreviewImporter) -> (artifact id: 'cd42da0932abeb3548f4a36ca0e7351f') in 0.0114569 seconds
Number of updated asset objects reloaded before import = 0Number of asset objects unloaded after import = 102

========================================================================
Received Import Request.
  Time since last request: 0.001168 seconds.
  path: Assets/Male Mage Pack 01 Cute Series/01 Customize Character Here/01 Drag Character Base to Scene/Fair Nature Male Mage 02.prefab
  artifactKey: Guid(040e9dc4a91e8e04f8cbd393266af6f6) Importer(815301076,1909f56bfc062723c751e8b465ee728b)
Start importing Assets/Male Mage Pack 01 Cute Series/01 Customize Character Here/01 Drag Character Base to Scene/Fair Nature Male Mage 02.prefab using Guid(040e9dc4a91e8e04f8cbd393266af6f6) Importer(815301076,1909f56bfc062723c751e8b465ee728b) (PreviewImporter) -> (artifact id: '59924f3b03f403103bc936d4c296c2ec') in 0.0108221 seconds
Number of updated asset objects reloaded before import = 0Number of asset objects unloaded after import = 102

========================================================================
Received Import Request.
  Time since last request: 0.000025 seconds.
  path: Assets/Male Mage Pack 01 Cute Series/Standard Assets Files/FBX/Hair 01.FBX
  artifactKey: Guid(88a9ae2cd3294804680a9ff3e0bb265b) Importer(815301076,1909f56bfc062723c751e8b465ee728b)
Start importing Assets/Male Mage Pack 01 Cute Series/Standard Assets Files/FBX/Hair 01.FBX using Guid(88a9ae2cd3294804680a9ff3e0bb265b) Importer(815301076,1909f56bfc062723c751e8b465ee728b) (PreviewImporter) -> (artifact id: '0c3b2f0cfab2550e138d1f34e8536f16') in 0.0105155 seconds
Number of updated asset objects reloaded before import = 0Number of asset objects unloaded after import = 7

========================================================================
Received Import Request.
  Time since last request: 0.000017 seconds.
  path: Assets/Male Mage Pack 01 Cute Series/Cute series demo assets/Ground.prefab
  artifactKey: Guid(1cb657c18bf029e4793d275149462612) Importer(815301076,1909f56bfc062723c751e8b465ee728b)
Start importing Assets/Male Mage Pack 01 Cute Series/Cute series demo assets/Ground.prefab using Guid(1cb657c18bf029e4793d275149462612) Importer(815301076,1909f56bfc062723c751e8b465ee728b) (PreviewImporter) -> (artifact id: 'b11b49ed0ce5238daf16eef7deaa7dc9') in 0.0086783 seconds
Number of updated asset objects reloaded before import = 0Number of asset objects unloaded after import = 7

========================================================================
Received Import Request.
  Time since last request: 0.181077 seconds.
  path: Assets/Male Mage Pack 01 Cute Series/01 Customize Character Here/02 Attach Weapons and Accessories/Standard Hair (+ Head )/Hair 01 Brown.prefab
  artifactKey: Guid(97f24e200b7c398448f6ff7dbd4542a7) Importer(815301076,1909f56bfc062723c751e8b465ee728b)
Start importing Assets/Male Mage Pack 01 Cute Series/01 Customize Character Here/02 Attach Weapons and Accessories/Standard Hair (+ Head )/Hair 01 Brown.prefab using Guid(97f24e200b7c398448f6ff7dbd4542a7) Importer(815301076,1909f56bfc062723c751e8b465ee728b) (PreviewImporter) -> (artifact id: 'd329638558cf49742be1766bda90a241') in 0.0072043 seconds
Number of updated asset objects reloaded before import = 0Number of asset objects unloaded after import = 9

========================================================================
Received Import Request.
  Time since last request: 0.000018 seconds.
  path: Assets/Male Mage Pack 01 Cute Series/01 Customize Character Here/02 Attach Weapons and Accessories/Standard Hair (+ Head )/Hair 01 Orange.prefab
  artifactKey: Guid(42f65287e535a3449aee2f9a0f6cd60d) Importer(815301076,1909f56bfc062723c751e8b465ee728b)
Start importing Assets/Male Mage Pack 01 Cute Series/01 Customize Character Here/02 Attach Weapons and Accessories/Standard Hair (+ Head )/Hair 01 Orange.prefab using Guid(42f65287e535a3449aee2f9a0f6cd60d) Importer(815301076,1909f56bfc062723c751e8b465ee728b) (PreviewImporter) -> (artifact id: 'ce951f74ce2f3e3d06648dc6c28c3002') in 0.0083709 seconds
Number of updated asset objects reloaded before import = 0Number of asset objects unloaded after import = 9

========================================================================
Received Import Request.
  Time since last request: 0.000022 seconds.
  path: Assets/Male Mage Pack 01 Cute Series/Standard Assets Files/FBX/Hair 02.FBX
  artifactKey: Guid(11dba22c0dc942e4b88c1e9411b9f5f2) Importer(815301076,1909f56bfc062723c751e8b465ee728b)
Start importing Assets/Male Mage Pack 01 Cute Series/Standard Assets Files/FBX/Hair 02.FBX using Guid(11dba22c0dc942e4b88c1e9411b9f5f2) Importer(815301076,1909f56bfc062723c751e8b465ee728b) (PreviewImporter) -> (artifact id: 'a659fcadcb23d2e9afa3e951a0445474') in 0.0087051 seconds
Number of updated asset objects reloaded before import = 0Number of asset objects unloaded after import = 7

========================================================================
Received Import Request.
  Time since last request: 0.016680 seconds.
  path: Assets/Male Mage Pack 01 Cute Series/01 Customize Character Here/02 Attach Weapons and Accessories/Standard Hair (+ Head )/Hair 02 Black.prefab
  artifactKey: Guid(feec38850e46c9b45a227894c43663e1) Importer(815301076,1909f56bfc062723c751e8b465ee728b)
Start importing Assets/Male Mage Pack 01 Cute Series/01 Customize Character Here/02 Attach Weapons and Accessories/Standard Hair (+ Head )/Hair 02 Black.prefab using Guid(feec38850e46c9b45a227894c43663e1) Importer(815301076,1909f56bfc062723c751e8b465ee728b) (PreviewImporter) -> (artifact id: 'ebefbc4d5edffe6b356f4e628f8684f7') in 0.0078058 seconds
Number of updated asset objects reloaded before import = 0Number of asset objects unloaded after import = 9

========================================================================
Received Import Request.
  Time since last request: 0.000014 seconds.
  path: Assets/Male Mage Pack 01 Cute Series/01 Customize Character Here/02 Attach Weapons and Accessories/Standard Hair (+ Head )/Hair 02 Brown.prefab
  artifactKey: Guid(4e33960e529136b4986d5336e09b8177) Importer(815301076,1909f56bfc062723c751e8b465ee728b)
Start importing Assets/Male Mage Pack 01 Cute Series/01 Customize Character Here/02 Attach Weapons and Accessories/Standard Hair (+ Head )/Hair 02 Brown.prefab using Guid(4e33960e529136b4986d5336e09b8177) Importer(815301076,1909f56bfc062723c751e8b465ee728b) (PreviewImporter) -> (artifact id: '539b600d02de4f3f71c60afcb5fe638d') in 0.0070447 seconds
Number of updated asset objects reloaded before import = 0Number of asset objects unloaded after import = 9

========================================================================
Received Import Request.
  Time since last request: 0.000017 seconds.
  path: Assets/Male Mage Pack 01 Cute Series/01 Customize Character Here/02 Attach Weapons and Accessories/Standard Hair (+ Head )/Hair 02 Orange.prefab
  artifactKey: Guid(6fe5c8b4d443bf7418703756093959eb) Importer(815301076,1909f56bfc062723c751e8b465ee728b)
Start importing Assets/Male Mage Pack 01 Cute Series/01 Customize Character Here/02 Attach Weapons and Accessories/Standard Hair (+ Head )/Hair 02 Orange.prefab using Guid(6fe5c8b4d443bf7418703756093959eb) Importer(815301076,1909f56bfc062723c751e8b465ee728b) (PreviewImporter) -> (artifact id: '561a26a2d381a14d04c99e5029771761') in 0.0075485 seconds
Number of updated asset objects reloaded before import = 0Number of asset objects unloaded after import = 9

========================================================================
Received Import Request.
  Time since last request: 0.006601 seconds.
  path: Assets/Male Mage Pack 01 Cute Series/01 Customize Character Here/02 Attach Weapons and Accessories/Standard Hair (+ Head )/Hair 03  Blonde.prefab
  artifactKey: Guid(7218e12abc2571b45a32fa2ecc76d206) Importer(815301076,1909f56bfc062723c751e8b465ee728b)
Start importing Assets/Male Mage Pack 01 Cute Series/01 Customize Character Here/02 Attach Weapons and Accessories/Standard Hair (+ Head )/Hair 03  Blonde.prefab using Guid(7218e12abc2571b45a32fa2ecc76d206) Importer(815301076,1909f56bfc062723c751e8b465ee728b) (PreviewImporter) -> (artifact id: 'cbb23853c64e75b1c64e0c38a47581a1') in 0.0086117 seconds
Number of updated asset objects reloaded before import = 0Number of asset objects unloaded after import = 9

========================================================================
Received Import Request.
  Time since last request: 0.000022 seconds.
  path: Assets/Male Mage Pack 01 Cute Series/01 Customize Character Here/02 Attach Weapons and Accessories/Standard Hair (+ Head )/Hair 03 Grey.prefab
  artifactKey: Guid(6a07e65c3cd6384489f645c5a22bd512) Importer(815301076,1909f56bfc062723c751e8b465ee728b)
Start importing Assets/Male Mage Pack 01 Cute Series/01 Customize Character Here/02 Attach Weapons and Accessories/Standard Hair (+ Head )/Hair 03 Grey.prefab using Guid(6a07e65c3cd6384489f645c5a22bd512) Importer(815301076,1909f56bfc062723c751e8b465ee728b) (PreviewImporter) -> (artifact id: 'a4a63f2bd7ad43a9af01d5ab6133d5b2') in 0.0077873 seconds
Number of updated asset objects reloaded before import = 0Number of asset objects unloaded after import = 9

========================================================================
Received Import Request.
  Time since last request: 0.000016 seconds.
  path: Assets/Male Mage Pack 01 Cute Series/01 Customize Character Here/02 Attach Weapons and Accessories/Standard Hair (+ Head )/Hair 03 Black.prefab
  artifactKey: Guid(0b0247b82f9c521439015e6db4902c78) Importer(815301076,1909f56bfc062723c751e8b465ee728b)
Start importing Assets/Male Mage Pack 01 Cute Series/01 Customize Character Here/02 Attach Weapons and Accessories/Standard Hair (+ Head )/Hair 03 Black.prefab using Guid(0b0247b82f9c521439015e6db4902c78) Importer(815301076,1909f56bfc062723c751e8b465ee728b) (PreviewImporter) -> (artifact id: '60e5208aa7c5887a819d6683eb7ff433') in 0.007431 seconds
Number of updated asset objects reloaded before import = 0Number of asset objects unloaded after import = 9

========================================================================
Received Import Request.
  Time since last request: 0.000029 seconds.
  path: Assets/Male Mage Pack 01 Cute Series/Standard Assets Files/FBX/Hair 04.FBX
  artifactKey: Guid(d3106f502034190449a656b4e177eaed) Importer(815301076,1909f56bfc062723c751e8b465ee728b)
Start importing Assets/Male Mage Pack 01 Cute Series/Standard Assets Files/FBX/Hair 04.FBX using Guid(d3106f502034190449a656b4e177eaed) Importer(815301076,1909f56bfc062723c751e8b465ee728b) (PreviewImporter) -> (artifact id: 'dec3f3a615531c446bca5844cf54ba31') in 0.0085118 seconds
Number of updated asset objects reloaded before import = 0Number of asset objects unloaded after import = 7

========================================================================
Received Import Request.
  Time since last request: 0.000031 seconds.
  path: Assets/Male Mage Pack 01 Cute Series/01 Customize Character Here/02 Attach Weapons and Accessories/Standard Hair (+ Head )/Hair For Hat Blonde.prefab
  artifactKey: Guid(2578fb221bf0d48409d5528bfbc4c06a) Importer(815301076,1909f56bfc062723c751e8b465ee728b)
Start importing Assets/Male Mage Pack 01 Cute Series/01 Customize Character Here/02 Attach Weapons and Accessories/Standard Hair (+ Head )/Hair For Hat Blonde.prefab using Guid(2578fb221bf0d48409d5528bfbc4c06a) Importer(815301076,1909f56bfc062723c751e8b465ee728b) (PreviewImporter) -> (artifact id: 'c443b584f5f51dd0b3a1d4d8069e618b') in 0.0086392 seconds
Number of updated asset objects reloaded before import = 0Number of asset objects unloaded after import = 9

========================================================================
Received Import Request.
  Time since last request: 0.000023 seconds.
  path: Assets/Male Mage Pack 01 Cute Series/01 Customize Character Here/02 Attach Weapons and Accessories/Standard Hair (+ Head )/Hair 04 Orange.prefab
  artifactKey: Guid(a022f87195cfee145ac88428ff545a93) Importer(815301076,1909f56bfc062723c751e8b465ee728b)
Start importing Assets/Male Mage Pack 01 Cute Series/01 Customize Character Here/02 Attach Weapons and Accessories/Standard Hair (+ Head )/Hair 04 Orange.prefab using Guid(a022f87195cfee145ac88428ff545a93) Importer(815301076,1909f56bfc062723c751e8b465ee728b) (PreviewImporter) -> (artifact id: 'd4ccdd7da2da9cd70846b48df67de2f9') in 0.0073038 seconds
Number of updated asset objects reloaded before import = 0Number of asset objects unloaded after import = 9

========================================================================
Received Import Request.
  Time since last request: 0.000017 seconds.
  path: Assets/Male Mage Pack 01 Cute Series/01 Customize Character Here/02 Attach Weapons and Accessories/Standard Hair (+ Head )/Hair 04 Brown.prefab
  artifactKey: Guid(e9eec5f1cfc561c44bee7a8286c6daa4) Importer(815301076,1909f56bfc062723c751e8b465ee728b)
Start importing Assets/Male Mage Pack 01 Cute Series/01 Customize Character Here/02 Attach Weapons and Accessories/Standard Hair (+ Head )/Hair 04 Brown.prefab using Guid(e9eec5f1cfc561c44bee7a8286c6daa4) Importer(815301076,1909f56bfc062723c751e8b465ee728b) (PreviewImporter) -> (artifact id: 'c7af1ca779c4b575895d3f8966e65f53') in 0.0083181 seconds
Number of updated asset objects reloaded before import = 0Number of asset objects unloaded after import = 9

========================================================================
Received Import Request.
  Time since last request: 0.000017 seconds.
  path: Assets/Male Mage Pack 01 Cute Series/01 Customize Character Here/02 Attach Weapons and Accessories/Standard Hair (+ Head )/Hair For Hat Brown.prefab
  artifactKey: Guid(dea8ec8dada0f1642a6706cabe8d4848) Importer(815301076,1909f56bfc062723c751e8b465ee728b)
Start importing Assets/Male Mage Pack 01 Cute Series/01 Customize Character Here/02 Attach Weapons and Accessories/Standard Hair (+ Head )/Hair For Hat Brown.prefab using Guid(dea8ec8dada0f1642a6706cabe8d4848) Importer(815301076,1909f56bfc062723c751e8b465ee728b) (PreviewImporter) -> (artifact id: 'ca34adb1039f882c6a9f882dd71dd009') in 0.0073949 seconds
Number of updated asset objects reloaded before import = 0Number of asset objects unloaded after import = 9

========================================================================
Received Import Request.
  Time since last request: 0.000016 seconds.
  path: Assets/Male Mage Pack 01 Cute Series/01 Customize Character Here/02 Attach Weapons and Accessories/Standard Heads  (+ Head )/Head 01 Fair.prefab
  artifactKey: Guid(74832b4893f7e104a8e8419ebe82d0d9) Importer(815301076,1909f56bfc062723c751e8b465ee728b)
Start importing Assets/Male Mage Pack 01 Cute Series/01 Customize Character Here/02 Attach Weapons and Accessories/Standard Heads  (+ Head )/Head 01 Fair.prefab using Guid(74832b4893f7e104a8e8419ebe82d0d9) Importer(815301076,1909f56bfc062723c751e8b465ee728b) (PreviewImporter) -> (artifact id: '97f9eb03b81dba976d9c8ed4fbeeb367') in 0.0085062 seconds
Number of updated asset objects reloaded before import = 0Number of asset objects unloaded after import = 9

========================================================================
Received Import Request.
  Time since last request: 0.000018 seconds.
  path: Assets/Male Mage Pack 01 Cute Series/01 Customize Character Here/02 Attach Weapons and Accessories/Standard Hair (+ Head )/Hair 04 Black.prefab
  artifactKey: Guid(8dbf246f741900d4997a06cf21ff9d1a) Importer(815301076,1909f56bfc062723c751e8b465ee728b)
Start importing Assets/Male Mage Pack 01 Cute Series/01 Customize Character Here/02 Attach Weapons and Accessories/Standard Hair (+ Head )/Hair 04 Black.prefab using Guid(8dbf246f741900d4997a06cf21ff9d1a) Importer(815301076,1909f56bfc062723c751e8b465ee728b) (PreviewImporter) -> (artifact id: '973bcbf7196e654ed1bb3ec25a4e0aa1') in 0.0088234 seconds
Number of updated asset objects reloaded before import = 0Number of asset objects unloaded after import = 9

========================================================================
Received Import Request.
  Time since last request: 0.000023 seconds.
  path: Assets/Male Mage Pack 01 Cute Series/01 Customize Character Here/02 Attach Weapons and Accessories/Standard Hair (+ Head )/Hair 04 Grey.prefab
  artifactKey: Guid(24e3e079f7017f342ae860563c626ae4) Importer(815301076,1909f56bfc062723c751e8b465ee728b)
Start importing Assets/Male Mage Pack 01 Cute Series/01 Customize Character Here/02 Attach Weapons and Accessories/Standard Hair (+ Head )/Hair 04 Grey.prefab using Guid(24e3e079f7017f342ae860563c626ae4) Importer(815301076,1909f56bfc062723c751e8b465ee728b) (PreviewImporter) -> (artifact id: '761b7a57a6b2c9cfb2d9265a8902d7ad') in 0.0081441 seconds
Number of updated asset objects reloaded before import = 0Number of asset objects unloaded after import = 9

========================================================================
Received Import Request.
  Time since last request: 0.105065 seconds.
  path: Assets/Male Mage Pack 01 Cute Series/Standard Assets Files/FBX/Head 02.FBX
  artifactKey: Guid(db280b8e73afaef4abdcbc7e2ef8cbac) Importer(815301076,1909f56bfc062723c751e8b465ee728b)
Start importing Assets/Male Mage Pack 01 Cute Series/Standard Assets Files/FBX/Head 02.FBX using Guid(db280b8e73afaef4abdcbc7e2ef8cbac) Importer(815301076,1909f56bfc062723c751e8b465ee728b) (PreviewImporter) -> (artifact id: '021cc698fa308a3d3dc410b337dc68cd') in 0.0100379 seconds
Number of updated asset objects reloaded before import = 0Number of asset objects unloaded after import = 7

========================================================================
Received Import Request.
  Time since last request: 0.000016 seconds.
  path: Assets/Male Mage Pack 01 Cute Series/01 Customize Character Here/02 Attach Weapons and Accessories/Standard Heads  (+ Head )/Head 02 Tan.prefab
  artifactKey: Guid(310f7b67f4adba7419d00e67cdd36f35) Importer(815301076,1909f56bfc062723c751e8b465ee728b)
Start importing Assets/Male Mage Pack 01 Cute Series/01 Customize Character Here/02 Attach Weapons and Accessories/Standard Heads  (+ Head )/Head 02 Tan.prefab using Guid(310f7b67f4adba7419d00e67cdd36f35) Importer(815301076,1909f56bfc062723c751e8b465ee728b) (PreviewImporter) -> (artifact id: '6e15a7bb7fd3e0c5cff0f6e081a817c8') in 0.0082947 seconds
Number of updated asset objects reloaded before import = 0Number of asset objects unloaded after import = 9

========================================================================
Received Import Request.
  Time since last request: 0.030672 seconds.
  path: Assets/Male Mage Pack 01 Cute Series/01 Customize Character Here/02 Attach Weapons and Accessories/Head Dress (+ Head )/Hood Shadow Dark.prefab
  artifactKey: Guid(b1e9dc841b72023438fdbc1bfefa837f) Importer(815301076,1909f56bfc062723c751e8b465ee728b)
Start importing Assets/Male Mage Pack 01 Cute Series/01 Customize Character Here/02 Attach Weapons and Accessories/Head Dress (+ Head )/Hood Shadow Dark.prefab using Guid(b1e9dc841b72023438fdbc1bfefa837f) Importer(815301076,1909f56bfc062723c751e8b465ee728b) (PreviewImporter) -> (artifact id: 'c967c94b9df984ffb7e39da8e2b96d2f') in 0.0086908 seconds
Number of updated asset objects reloaded before import = 0Number of asset objects unloaded after import = 9

========================================================================
Received Import Request.
  Time since last request: 0.000020 seconds.
  path: Assets/Male Mage Pack 01 Cute Series/01 Customize Character Here/02 Attach Weapons and Accessories/Back Props (+Back)/Magic Scroll.prefab
  artifactKey: Guid(523102d81bce6f14b8046e2e1489dcea) Importer(815301076,1909f56bfc062723c751e8b465ee728b)
Start importing Assets/Male Mage Pack 01 Cute Series/01 Customize Character Here/02 Attach Weapons and Accessories/Back Props (+Back)/Magic Scroll.prefab using Guid(523102d81bce6f14b8046e2e1489dcea) Importer(815301076,1909f56bfc062723c751e8b465ee728b) (PreviewImporter) -> (artifact id: '0035f600d744d0acda92e14973b9be5f') in 0.0084736 seconds
Number of updated asset objects reloaded before import = 0Number of asset objects unloaded after import = 9

========================================================================
Received Import Request.
  Time since last request: 0.000025 seconds.
  path: Assets/Male Mage Pack 01 Cute Series/FBX/Male Mage 02.FBX
  artifactKey: Guid(703b4a7e8d8fed1479dd838a64a8c0ee) Importer(815301076,1909f56bfc062723c751e8b465ee728b)
Start importing Assets/Male Mage Pack 01 Cute Series/FBX/Male Mage 02.FBX using Guid(703b4a7e8d8fed1479dd838a64a8c0ee) Importer(815301076,1909f56bfc062723c751e8b465ee728b) (PreviewImporter) -> (artifact id: '082b04d61473d27f5fed9bbf26097daa') in 0.0188658 seconds
Number of updated asset objects reloaded before import = 0Number of asset objects unloaded after import = 90

========================================================================
Received Import Request.
  Time since last request: 0.000017 seconds.
  path: Assets/Male Mage Pack 01 Cute Series/Standard Assets Files/FBX/Male Main Rig.FBX
  artifactKey: Guid(f6605568d3cd20e4db1a0b19cfe83787) Importer(815301076,1909f56bfc062723c751e8b465ee728b)
Start importing Assets/Male Mage Pack 01 Cute Series/Standard Assets Files/FBX/Male Main Rig.FBX using Guid(f6605568d3cd20e4db1a0b19cfe83787) Importer(815301076,1909f56bfc062723c751e8b465ee728b) (PreviewImporter) -> (artifact id: 'cfc416203e394760d987cf1d5fd253d3') in 0.0168658 seconds
Number of updated asset objects reloaded before import = 0Number of asset objects unloaded after import = 92

========================================================================
Received Import Request.
  Time since last request: 0.000018 seconds.
  path: Assets/Male Mage Pack 01 Cute Series/FBX/Male Mage 03.FBX
  artifactKey: Guid(4f5af08f52f39df4aab2e0097de535fe) Importer(815301076,1909f56bfc062723c751e8b465ee728b)
Start importing Assets/Male Mage Pack 01 Cute Series/FBX/Male Mage 03.FBX using Guid(4f5af08f52f39df4aab2e0097de535fe) Importer(815301076,1909f56bfc062723c751e8b465ee728b) (PreviewImporter) -> (artifact id: '412d86f5e4ddd7e8b8b7d9048f9044ca') in 0.0178924 seconds
Number of updated asset objects reloaded before import = 0Number of asset objects unloaded after import = 90

========================================================================
Received Import Request.
  Time since last request: 0.000020 seconds.
  path: Assets/Synty Studios/SM_Bld_Castle_Wall_Door_Big_01.prefab
  artifactKey: Guid(d2f04099be0a70a4384bd1b4db1847a0) Importer(815301076,1909f56bfc062723c751e8b465ee728b)
Start importing Assets/Synty Studios/SM_Bld_Castle_Wall_Door_Big_01.prefab using Guid(d2f04099be0a70a4384bd1b4db1847a0) Importer(815301076,1909f56bfc062723c751e8b465ee728b) (PreviewImporter) -> (artifact id: 'fc2f0b62c92073e5ada188230ac76607') in 0.0020325 seconds
Number of updated asset objects reloaded before import = 0Number of asset objects unloaded after import = 17

========================================================================
Received Import Request.
  Time since last request: 0.000015 seconds.
  path: Assets/Synty Studios/SM_Bld_Castle_Wall_Door_01.prefab
  artifactKey: Guid(930a5b38ea8bd89489e16251a8e80b25) Importer(815301076,1909f56bfc062723c751e8b465ee728b)
Start importing Assets/Synty Studios/SM_Bld_Castle_Wall_Door_01.prefab using Guid(930a5b38ea8bd89489e16251a8e80b25) Importer(815301076,1909f56bfc062723c751e8b465ee728b) (PreviewImporter) -> (artifact id: '23fa7b783c829b743ff25926c65e95a2') in 0.0016381 seconds
Number of updated asset objects reloaded before import = 0Number of asset objects unloaded after import = 7

========================================================================
Received Import Request.
  Time since last request: 0.000029 seconds.
  path: Assets/Male Mage Pack 01 Cute Series/02 Customized Sample Prefabs/Male Mage 02.prefab
  artifactKey: Guid(68dfdf6b5ae0ac54aa69639836111a98) Importer(815301076,1909f56bfc062723c751e8b465ee728b)
Start importing Assets/Male Mage Pack 01 Cute Series/02 Customized Sample Prefabs/Male Mage 02.prefab using Guid(68dfdf6b5ae0ac54aa69639836111a98) Importer(815301076,1909f56bfc062723c751e8b465ee728b) (PreviewImporter) -> (artifact id: 'aa081e97691ec90907c348a97c43057b') in 0.0272363 seconds
Internal: There are remaining Allocations on the JobTempAlloc. This is a leak, and will impact performance
To Debug, run app with -diag-job-temp-memory-leak-validation cmd line argument. This will output the callstacks of the leaked allocations.
Number of updated asset objects reloaded before import = 0Number of asset objects unloaded after import = 184

========================================================================
Received Import Request.
  Time since last request: 0.000024 seconds.
  path: Assets/Synty Studios/SM_Bld_Castle_Wall_Drain_01.prefab
  artifactKey: Guid(158f0597a61d84640ba15940f59deafd) Importer(815301076,1909f56bfc062723c751e8b465ee728b)
Start importing Assets/Synty Studios/SM_Bld_Castle_Wall_Drain_01.prefab using Guid(158f0597a61d84640ba15940f59deafd) Importer(815301076,1909f56bfc062723c751e8b465ee728b) (PreviewImporter) -> (artifact id: '16a8ae7e69907e3f211b3d5c0a95a12e') in 0.0022287 seconds
Internal: There are remaining Allocations on the JobTempAlloc. This is a leak, and will impact performance
To Debug, run app with -diag-job-temp-memory-leak-validation cmd line argument. This will output the callstacks of the leaked allocations.
Number of updated asset objects reloaded before import = 0Number of asset objects unloaded after import = 11

========================================================================
Received Import Request.
  Time since last request: 0.000015 seconds.
  path: Assets/Synty Studios/SM_Bld_Castle_Floor_Wood_03.prefab
  artifactKey: Guid(52c52383cc81af0428564736c00bfd61) Importer(815301076,1909f56bfc062723c751e8b465ee728b)
Start importing Assets/Synty Studios/SM_Bld_Castle_Floor_Wood_03.prefab using Guid(52c52383cc81af0428564736c00bfd61) Importer(815301076,1909f56bfc062723c751e8b465ee728b) (PreviewImporter) -> (artifact id: '07a17588c393392db167997933dbb0f3') in 0.0018121 seconds
Internal: There are remaining Allocations on the JobTempAlloc. This is a leak, and will impact performance
To Debug, run app with -diag-job-temp-memory-leak-validation cmd line argument. This will output the callstacks of the leaked allocations.
Number of updated asset objects reloaded before import = 0Number of asset objects unloaded after import = 7

========================================================================
Received Import Request.
  Time since last request: 0.000024 seconds.
  path: Assets/Male Mage Pack 01 Cute Series/02 Customized Sample Prefabs/Male Mage 03.prefab
  artifactKey: Guid(388dc932b21f1344fb3fa4f788797fad) Importer(815301076,1909f56bfc062723c751e8b465ee728b)
Start importing Assets/Male Mage Pack 01 Cute Series/02 Customized Sample Prefabs/Male Mage 03.prefab using Guid(388dc932b21f1344fb3fa4f788797fad) Importer(815301076,1909f56bfc062723c751e8b465ee728b) (PreviewImporter) -> (artifact id: '1ba7a7161d90312c80bedf94a3d0094c') in 0.0548672 seconds
Internal: There are remaining Allocations on the JobTempAlloc. This is a leak, and will impact performance
To Debug, run app with -diag-job-temp-memory-leak-validation cmd line argument. This will output the callstacks of the leaked allocations.
Number of updated asset objects reloaded before import = 0Number of asset objects unloaded after import = 241

========================================================================
Received Import Request.
  Time since last request: 0.000033 seconds.
  path: Assets/Male Mage Pack 01 Cute Series/01 Customize Character Here/02 Attach Weapons and Accessories/Back Props (+Back)/Spellbook Ancient Dark.prefab
  artifactKey: Guid(819fd5f381ae6b641afd4a6d31461a07) Importer(815301076,1909f56bfc062723c751e8b465ee728b)
Start importing Assets/Male Mage Pack 01 Cute Series/01 Customize Character Here/02 Attach Weapons and Accessories/Back Props (+Back)/Spellbook Ancient Dark.prefab using Guid(819fd5f381ae6b641afd4a6d31461a07) Importer(815301076,1909f56bfc062723c751e8b465ee728b) (PreviewImporter) -> (artifact id: 'a5120a80c55feceea5a7dec5a4b2d875') in 0.0087185 seconds
Internal: There are remaining Allocations on the JobTempAlloc. This is a leak, and will impact performance
To Debug, run app with -diag-job-temp-memory-leak-validation cmd line argument. This will output the callstacks of the leaked allocations.
Number of updated asset objects reloaded before import = 0Number of asset objects unloaded after import = 9

========================================================================
Received Import Request.
  Time since last request: 0.062979 seconds.
  path: Assets/Male Mage Pack 01 Cute Series/01 Customize Character Here/02 Attach Weapons and Accessories/Back Props (+Back)/Spellbook Ancient Nature.prefab
  artifactKey: Guid(0b8b01028e6d07d42be72369ee41857d) Importer(815301076,1909f56bfc062723c751e8b465ee728b)
Start importing Assets/Male Mage Pack 01 Cute Series/01 Customize Character Here/02 Attach Weapons and Accessories/Back Props (+Back)/Spellbook Ancient Nature.prefab using Guid(0b8b01028e6d07d42be72369ee41857d) Importer(815301076,1909f56bfc062723c751e8b465ee728b) (PreviewImporter) -> (artifact id: 'e50a9d036c825b4339b80e4a5647da59') in 0.0102893 seconds
Internal: There are remaining Allocations on the JobTempAlloc. This is a leak, and will impact performance
To Debug, run app with -diag-job-temp-memory-leak-validation cmd line argument. This will output the callstacks of the leaked allocations.
Number of updated asset objects reloaded before import = 0Number of asset objects unloaded after import = 18

========================================================================
Received Import Request.
  Time since last request: 0.000016 seconds.
  path: Assets/Male Mage Pack 01 Cute Series/01 Customize Character Here/02 Attach Weapons and Accessories/Back Props (+Back)/Spirited Crystals Aqua.prefab
  artifactKey: Guid(07cfb98e04d90f149987b797123dbcb0) Importer(815301076,1909f56bfc062723c751e8b465ee728b)
Start importing Assets/Male Mage Pack 01 Cute Series/01 Customize Character Here/02 Attach Weapons and Accessories/Back Props (+Back)/Spirited Crystals Aqua.prefab using Guid(07cfb98e04d90f149987b797123dbcb0) Importer(815301076,1909f56bfc062723c751e8b465ee728b) (PreviewImporter) -> (artifact id: '462177329eceec1b744aa8606e31c5d3') in 0.0151712 seconds
Internal: There are remaining Allocations on the JobTempAlloc. This is a leak, and will impact performance
To Debug, run app with -diag-job-temp-memory-leak-validation cmd line argument. This will output the callstacks of the leaked allocations.
Number of updated asset objects reloaded before import = 0Number of asset objects unloaded after import = 60

========================================================================
Received Import Request.
  Time since last request: 0.000021 seconds.
  path: Assets/Male Mage Pack 01 Cute Series/FBX/Spirited Crystals.FBX
  artifactKey: Guid(53cf64fb9d450a8499b8f5d2d947d0ce) Importer(815301076,1909f56bfc062723c751e8b465ee728b)
Start importing Assets/Male Mage Pack 01 Cute Series/FBX/Spirited Crystals.FBX using Guid(53cf64fb9d450a8499b8f5d2d947d0ce) Importer(815301076,1909f56bfc062723c751e8b465ee728b) (PreviewImporter) -> (artifact id: '326910770e1d0a309cf8f92f79ad0b54') in 0.0214104 seconds
Internal: JobTempAlloc has allocations that are more than the maximum lifespan of 4 frames old - this is not allowed and likely a leak
To Debug, run app with -diag-job-temp-memory-leak-validation cmd line argument. This will output the callstacks of the leaked allocations.
Internal: There are remaining Allocations on the JobTempAlloc. This is a leak, and will impact performance
To Debug, run app with -diag-job-temp-memory-leak-validation cmd line argument. This will output the callstacks of the leaked allocations.
Number of updated asset objects reloaded before import = 0Number of asset objects unloaded after import = 19

========================================================================
Received Import Request.
  Time since last request: 0.010214 seconds.
  path: Assets/Male Mage Pack 01 Cute Series/01 Customize Character Here/02 Attach Weapons and Accessories/Back Props (+Back)/Spirited Crystals Nature.prefab
  artifactKey: Guid(581ccd9e5163bdf439b97d45e8480f81) Importer(815301076,1909f56bfc062723c751e8b465ee728b)
Start importing Assets/Male Mage Pack 01 Cute Series/01 Customize Character Here/02 Attach Weapons and Accessories/Back Props (+Back)/Spirited Crystals Nature.prefab using Guid(581ccd9e5163bdf439b97d45e8480f81) Importer(815301076,1909f56bfc062723c751e8b465ee728b) (PreviewImporter) -> (artifact id: '35c07117aedb57196b65ac9ba9dfbfb3') in 0.0182083 seconds
Internal: There are remaining Allocations on the JobTempAlloc. This is a leak, and will impact performance
To Debug, run app with -diag-job-temp-memory-leak-validation cmd line argument. This will output the callstacks of the leaked allocations.
Number of updated asset objects reloaded before import = 0Number of asset objects unloaded after import = 60

========================================================================
Received Import Request.
  Time since last request: 0.000026 seconds.
  path: Assets/Male Mage Pack 01 Cute Series/01 Customize Character Here/01 Drag Character Base to Scene/Tan Aqua Male Mage 03.prefab
  artifactKey: Guid(9654f2ba0728db7468bd122d370220eb) Importer(815301076,1909f56bfc062723c751e8b465ee728b)
Start importing Assets/Male Mage Pack 01 Cute Series/01 Customize Character Here/01 Drag Character Base to Scene/Tan Aqua Male Mage 03.prefab using Guid(9654f2ba0728db7468bd122d370220eb) Importer(815301076,1909f56bfc062723c751e8b465ee728b) (PreviewImporter) -> (artifact id: '24c0db2b86e745267a69357ac5c3a345') in 0.0160858 seconds
Internal: There are remaining Allocations on the JobTempAlloc. This is a leak, and will impact performance
To Debug, run app with -diag-job-temp-memory-leak-validation cmd line argument. This will output the callstacks of the leaked allocations.
Number of updated asset objects reloaded before import = 0Number of asset objects unloaded after import = 203

========================================================================
Received Import Request.
  Time since last request: 0.000023 seconds.
  path: Assets/Male Mage Pack 01 Cute Series/01 Customize Character Here/01 Drag Character Base to Scene/Tan Fire Male Mage 03.prefab
  artifactKey: Guid(1015b2984d1b5d843b55dfed531281c3) Importer(815301076,1909f56bfc062723c751e8b465ee728b)
Start importing Assets/Male Mage Pack 01 Cute Series/01 Customize Character Here/01 Drag Character Base to Scene/Tan Fire Male Mage 03.prefab using Guid(1015b2984d1b5d843b55dfed531281c3) Importer(815301076,1909f56bfc062723c751e8b465ee728b) (PreviewImporter) -> (artifact id: '1ad11f1af12cfdfa7e9f13b8b53838e2') in 0.0174188 seconds
Internal: There are remaining Allocations on the JobTempAlloc. This is a leak, and will impact performance
To Debug, run app with -diag-job-temp-memory-leak-validation cmd line argument. This will output the callstacks of the leaked allocations.
Number of updated asset objects reloaded before import = 0Number of asset objects unloaded after import = 203

========================================================================
Received Import Request.
  Time since last request: 0.000022 seconds.
  path: Assets/Male Mage Pack 01 Cute Series/01 Customize Character Here/02 Attach Weapons and Accessories/Right Weapons (+R hand)/Wand Illusion Nature.prefab
  artifactKey: Guid(826d8feff10639e42ab78318db6d2c0d) Importer(815301076,1909f56bfc062723c751e8b465ee728b)
Start importing Assets/Male Mage Pack 01 Cute Series/01 Customize Character Here/02 Attach Weapons and Accessories/Right Weapons (+R hand)/Wand Illusion Nature.prefab using Guid(826d8feff10639e42ab78318db6d2c0d) Importer(815301076,1909f56bfc062723c751e8b465ee728b) (PreviewImporter) -> (artifact id: '44b83926efd57c90fcfe8623e4c64493') in 0.0120484 seconds
Internal: There are remaining Allocations on the JobTempAlloc. This is a leak, and will impact performance
To Debug, run app with -diag-job-temp-memory-leak-validation cmd line argument. This will output the callstacks of the leaked allocations.
Number of updated asset objects reloaded before import = 0Number of asset objects unloaded after import = 18

========================================================================
Received Import Request.
  Time since last request: 0.000027 seconds.
  path: Assets/Male Mage Pack 01 Cute Series/01 Customize Character Here/01 Drag Character Base to Scene/Tan Nature Male Mage 01.prefab
  artifactKey: Guid(c5c92d0e913bd6c42bf3fe01cac82802) Importer(815301076,1909f56bfc062723c751e8b465ee728b)
Start importing Assets/Male Mage Pack 01 Cute Series/01 Customize Character Here/01 Drag Character Base to Scene/Tan Nature Male Mage 01.prefab using Guid(c5c92d0e913bd6c42bf3fe01cac82802) Importer(815301076,1909f56bfc062723c751e8b465ee728b) (PreviewImporter) -> (artifact id: '17afaa78b78406874f433f3f02895561') in 0.0149624 seconds
Internal: There are remaining Allocations on the JobTempAlloc. This is a leak, and will impact performance
To Debug, run app with -diag-job-temp-memory-leak-validation cmd line argument. This will output the callstacks of the leaked allocations.
Number of updated asset objects reloaded before import = 0Number of asset objects unloaded after import = 102

========================================================================
Received Import Request.
  Time since last request: 0.000020 seconds.
  path: Assets/Male Mage Pack 01 Cute Series/01 Customize Character Here/01 Drag Character Base to Scene/Tan Fire Male Mage 02.prefab
  artifactKey: Guid(89336dbc29f239948bef2956e6a0d990) Importer(815301076,1909f56bfc062723c751e8b465ee728b)
Start importing Assets/Male Mage Pack 01 Cute Series/01 Customize Character Here/01 Drag Character Base to Scene/Tan Fire Male Mage 02.prefab using Guid(89336dbc29f239948bef2956e6a0d990) Importer(815301076,1909f56bfc062723c751e8b465ee728b) (PreviewImporter) -> (artifact id: 'b9b363df171bd5344594ee95fd34ecf4') in 0.0159249 seconds
Internal: There are remaining Allocations on the JobTempAlloc. This is a leak, and will impact performance
To Debug, run app with -diag-job-temp-memory-leak-validation cmd line argument. This will output the callstacks of the leaked allocations.
Number of updated asset objects reloaded before import = 0Number of asset objects unloaded after import = 203

========================================================================
Received Import Request.
  Time since last request: 0.000028 seconds.
  path: Assets/Male Mage Pack 01 Cute Series/FBX/Wand Illusion.FBX
  artifactKey: Guid(62f0cc9ecdda2bd4bad5d7c134d7f685) Importer(815301076,1909f56bfc062723c751e8b465ee728b)
Start importing Assets/Male Mage Pack 01 Cute Series/FBX/Wand Illusion.FBX using Guid(62f0cc9ecdda2bd4bad5d7c134d7f685) Importer(815301076,1909f56bfc062723c751e8b465ee728b) (PreviewImporter) -> (artifact id: '56e910559e4ad3462078b2fd06d25fd8') in 0.0101012 seconds
Internal: JobTempAlloc has allocations that are more than the maximum lifespan of 4 frames old - this is not allowed and likely a leak
To Debug, run app with -diag-job-temp-memory-leak-validation cmd line argument. This will output the callstacks of the leaked allocations.
Internal: There are remaining Allocations on the JobTempAlloc. This is a leak, and will impact performance
To Debug, run app with -diag-job-temp-memory-leak-validation cmd line argument. This will output the callstacks of the leaked allocations.
Number of updated asset objects reloaded before import = 0Number of asset objects unloaded after import = 7

========================================================================
Received Import Request.
  Time since last request: 0.000019 seconds.
  path: Assets/Male Mage Pack 01 Cute Series/01 Customize Character Here/02 Attach Weapons and Accessories/Right Weapons (+R hand)/Wand Illusion Fire.prefab
  artifactKey: Guid(83eadbc6dce987343a2fa97913875b62) Importer(815301076,1909f56bfc062723c751e8b465ee728b)
Start importing Assets/Male Mage Pack 01 Cute Series/01 Customize Character Here/02 Attach Weapons and Accessories/Right Weapons (+R hand)/Wand Illusion Fire.prefab using Guid(83eadbc6dce987343a2fa97913875b62) Importer(815301076,1909f56bfc062723c751e8b465ee728b) (PreviewImporter) -> (artifact id: '5f65d8f8097943e37b29c0efbf435755') in 0.0110954 seconds
Internal: There are remaining Allocations on the JobTempAlloc. This is a leak, and will impact performance
To Debug, run app with -diag-job-temp-memory-leak-validation cmd line argument. This will output the callstacks of the leaked allocations.
Number of updated asset objects reloaded before import = 0Number of asset objects unloaded after import = 18

========================================================================
Received Import Request.
  Time since last request: 0.000022 seconds.
  path: Assets/Male Mage Pack 01 Cute Series/01 Customize Character Here/01 Drag Character Base to Scene/Tan Dark Male Mage 01.prefab
  artifactKey: Guid(3fa02aff571501540921275ebb764f37) Importer(815301076,1909f56bfc062723c751e8b465ee728b)
Start importing Assets/Male Mage Pack 01 Cute Series/01 Customize Character Here/01 Drag Character Base to Scene/Tan Dark Male Mage 01.prefab using Guid(3fa02aff571501540921275ebb764f37) Importer(815301076,1909f56bfc062723c751e8b465ee728b) (PreviewImporter) -> (artifact id: '4364c744b721ef48669f6011fd6235ec') in 0.0143074 seconds
Internal: There are remaining Allocations on the JobTempAlloc. This is a leak, and will impact performance
To Debug, run app with -diag-job-temp-memory-leak-validation cmd line argument. This will output the callstacks of the leaked allocations.
Number of updated asset objects reloaded before import = 0Number of asset objects unloaded after import = 203

========================================================================
Received Import Request.
  Time since last request: 0.000016 seconds.
  path: Assets/Male Mage Pack 01 Cute Series/01 Customize Character Here/01 Drag Character Base to Scene/Tan Dark Male Mage 03.prefab
  artifactKey: Guid(aa279195ed4880d4da4e4f41ce08b073) Importer(815301076,1909f56bfc062723c751e8b465ee728b)
Start importing Assets/Male Mage Pack 01 Cute Series/01 Customize Character Here/01 Drag Character Base to Scene/Tan Dark Male Mage 03.prefab using Guid(aa279195ed4880d4da4e4f41ce08b073) Importer(815301076,1909f56bfc062723c751e8b465ee728b) (PreviewImporter) -> (artifact id: 'eec4eb45ae8dc9b3c158f669ebf9ee49') in 0.016488 seconds
Internal: There are remaining Allocations on the JobTempAlloc. This is a leak, and will impact performance
To Debug, run app with -diag-job-temp-memory-leak-validation cmd line argument. This will output the callstacks of the leaked allocations.
Number of updated asset objects reloaded before import = 0Number of asset objects unloaded after import = 203

========================================================================
Received Import Request.
  Time since last request: 0.706523 seconds.
  path: Assets/Male Mage Pack 01 Cute Series/01 Customize Character Here/02 Attach Weapons and Accessories/Right Weapons (+R hand)/Wand Solar Aqua.prefab
  artifactKey: Guid(41fd230a3d7b0db4486075cd41bf842d) Importer(815301076,1909f56bfc062723c751e8b465ee728b)
Start importing Assets/Male Mage Pack 01 Cute Series/01 Customize Character Here/02 Attach Weapons and Accessories/Right Weapons (+R hand)/Wand Solar Aqua.prefab using Guid(41fd230a3d7b0db4486075cd41bf842d) Importer(815301076,1909f56bfc062723c751e8b465ee728b) (PreviewImporter) -> (artifact id: 'f90d051ec42b41de173a6348d3dbd77d') in 0.0104066 seconds
Internal: There are remaining Allocations on the JobTempAlloc. This is a leak, and will impact performance
To Debug, run app with -diag-job-temp-memory-leak-validation cmd line argument. This will output the callstacks of the leaked allocations.
Number of updated asset objects reloaded before import = 0Number of asset objects unloaded after import = 18

========================================================================
Received Import Request.
  Time since last request: 0.000022 seconds.
  path: Assets/Male Mage Pack 01 Cute Series/01 Customize Character Here/02 Attach Weapons and Accessories/Right Weapons (+R hand)/Wand Solar Fire.prefab
  artifactKey: Guid(f6db629512669d94fbc9370230d3b9a1) Importer(815301076,1909f56bfc062723c751e8b465ee728b)
Start importing Assets/Male Mage Pack 01 Cute Series/01 Customize Character Here/02 Attach Weapons and Accessories/Right Weapons (+R hand)/Wand Solar Fire.prefab using Guid(f6db629512669d94fbc9370230d3b9a1) Importer(815301076,1909f56bfc062723c751e8b465ee728b) (PreviewImporter) -> (artifact id: 'da09aac031d1bca5421aa3104130eb35') in 0.009365 seconds
Internal: There are remaining Allocations on the JobTempAlloc. This is a leak, and will impact performance
To Debug, run app with -diag-job-temp-memory-leak-validation cmd line argument. This will output the callstacks of the leaked allocations.
Number of updated asset objects reloaded before import = 0Number of asset objects unloaded after import = 18

Editor requested this worker to shutdown with reason: Scaling down because of idle timeout
AssetImportWorker is now disconnected from the server
Process exiting
Exiting without the bug reporter. Application will terminate with return code 0